0 verbose cli /usr/local/bin/node /usr/local/bin/npm
1 info using npm@11.6.2
2 info using node@v24.12.0
3 silly config load:file:/usr/local/lib/node_modules/npm/npmrc
4 silly config load:file:/Users/drensefa/coding/website/.npmrc
5 silly config load:file:/Users/drensefa/.npmrc
6 silly config load:file:/usr/local/etc/npmrc
7 verbose title npm install @vitalets/google-translate-api
8 verbose argv "install" "@vitalets/google-translate-api" "--cache" ".npm-cache"
9 verbose logfile logs-max:10 dir:/Users/drensefa/coding/website/.npm-cache/_logs/2026-01-07T21_23_16_937Z-
10 verbose logfile /Users/drensefa/coding/website/.npm-cache/_logs/2026-01-07T21_23_16_937Z-debug-0.log
11 silly logfile done cleaning log files
12 silly packumentCache heap:2348810240 maxSize:587202560 maxEntrySize:293601280
13 silly idealTree buildDeps
14 silly fetch manifest @vitalets/google-translate-api@*
15 silly packumentCache full:https://registry.npmjs.org/@vitalets%2fgoogle-translate-api cache-miss
16 http fetch GET 200 https://registry.npmjs.org/@vitalets%2fgoogle-translate-api 771ms (cache miss)
17 silly packumentCache full:https://registry.npmjs.org/@vitalets%2fgoogle-translate-api set size:undefined disposed:false
18 silly placeDep ROOT @vitalets/google-translate-api@9.2.1 OK for: website@1.0.0 want: *
19 silly fetch manifest @types/http-errors@^1.8.2
20 silly packumentCache full:https://registry.npmjs.org/@types%2fhttp-errors cache-miss
21 silly fetch manifest http-errors@^2.0.0
22 silly packumentCache full:https://registry.npmjs.org/http-errors cache-miss
23 silly fetch manifest node-fetch@^2.6.7
24 silly packumentCache full:https://registry.npmjs.org/node-fetch cache-miss
25 http fetch GET 200 https://registry.npmjs.org/http-errors 335ms (cache miss)
26 silly packumentCache full:https://registry.npmjs.org/http-errors set size:undefined disposed:false
27 http fetch GET 200 https://registry.npmjs.org/node-fetch 369ms (cache miss)
28 silly packumentCache full:https://registry.npmjs.org/node-fetch set size:undefined disposed:false
29 http fetch GET 200 https://registry.npmjs.org/@types%2fhttp-errors 885ms (cache miss)
30 silly packumentCache full:https://registry.npmjs.org/@types%2fhttp-errors set size:undefined disposed:false
31 silly fetch manifest encoding@^0.1.0
32 silly packumentCache full:https://registry.npmjs.org/encoding cache-miss
33 http fetch GET 200 https://registry.npmjs.org/encoding 292ms (cache miss)
34 silly packumentCache full:https://registry.npmjs.org/encoding set size:undefined disposed:false
35 silly placeDep ROOT @types/http-errors@1.8.2 OK for: @vitalets/google-translate-api@9.2.1 want: ^1.8.2
36 silly placeDep ROOT http-errors@2.0.1 OK for: @vitalets/google-translate-api@9.2.1 want: ^2.0.0
37 silly placeDep ROOT node-fetch@2.7.0 OK for: @vitalets/google-translate-api@9.2.1 want: ^2.6.7
38 silly fetch manifest depd@~2.0.0
39 silly packumentCache full:https://registry.npmjs.org/depd cache-miss
40 silly fetch manifest inherits@~2.0.4
41 silly packumentCache full:https://registry.npmjs.org/inherits cache-miss
42 silly fetch manifest setprototypeof@~1.2.0
43 silly packumentCache full:https://registry.npmjs.org/setprototypeof cache-miss
44 silly fetch manifest statuses@~2.0.2
45 silly packumentCache full:https://registry.npmjs.org/statuses cache-miss
46 silly fetch manifest toidentifier@~1.0.1
47 silly packumentCache full:https://registry.npmjs.org/toidentifier cache-miss
48 silly fetch manifest whatwg-url@^5.0.0
49 silly packumentCache full:https://registry.npmjs.org/whatwg-url cache-miss
50 http fetch GET 200 https://registry.npmjs.org/inherits 290ms (cache miss)
51 silly packumentCache full:https://registry.npmjs.org/inherits set size:undefined disposed:false
52 http fetch GET 200 https://registry.npmjs.org/setprototypeof 292ms (cache miss)
53 silly packumentCache full:https://registry.npmjs.org/setprototypeof set size:undefined disposed:false
54 http fetch GET 200 https://registry.npmjs.org/statuses 335ms (cache miss)
55 silly packumentCache full:https://registry.npmjs.org/statuses set size:undefined disposed:false
56 http fetch GET 200 https://registry.npmjs.org/depd 337ms (cache miss)
57 silly packumentCache full:https://registry.npmjs.org/depd set size:undefined disposed:false
58 http fetch GET 200 https://registry.npmjs.org/toidentifier 337ms (cache miss)
59 silly packumentCache full:https://registry.npmjs.org/toidentifier set size:undefined disposed:false
60 http fetch GET 200 https://registry.npmjs.org/whatwg-url 782ms (cache miss)
61 silly packumentCache full:https://registry.npmjs.org/whatwg-url set size:undefined disposed:false
62 silly placeDep ROOT depd@2.0.0 OK for: http-errors@2.0.1 want: ~2.0.0
63 silly placeDep ROOT inherits@2.0.4 OK for: http-errors@2.0.1 want: ~2.0.4
64 silly placeDep ROOT setprototypeof@1.2.0 OK for: http-errors@2.0.1 want: ~1.2.0
65 silly placeDep ROOT statuses@2.0.2 OK for: http-errors@2.0.1 want: ~2.0.2
66 silly placeDep ROOT toidentifier@1.0.1 OK for: http-errors@2.0.1 want: ~1.0.1
67 silly placeDep ROOT whatwg-url@5.0.0 OK for: node-fetch@2.7.0 want: ^5.0.0
68 silly fetch manifest tr46@~0.0.3
69 silly packumentCache full:https://registry.npmjs.org/tr46 cache-miss
70 silly fetch manifest webidl-conversions@^3.0.0
71 silly packumentCache full:https://registry.npmjs.org/webidl-conversions cache-miss
72 http fetch GET 200 https://registry.npmjs.org/webidl-conversions 285ms (cache miss)
73 silly packumentCache full:https://registry.npmjs.org/webidl-conversions set size:undefined disposed:false
74 http fetch GET 200 https://registry.npmjs.org/tr46 286ms (cache miss)
75 silly packumentCache full:https://registry.npmjs.org/tr46 set size:undefined disposed:false
76 silly placeDep ROOT tr46@0.0.3 OK for: whatwg-url@5.0.0 want: ~0.0.3
77 silly placeDep ROOT webidl-conversions@3.0.1 OK for: whatwg-url@5.0.0 want: ^3.0.0
78 silly reify moves {}
79 silly audit bulk request {
79 silly audit   '@babel/code-frame': [ '7.27.1' ],
79 silly audit   '@babel/helper-validator-identifier': [ '7.28.5' ],
79 silly audit   '@puppeteer/browsers': [ '2.11.0' ],
79 silly audit   '@tootallnate/quickjs-emscripten': [ '0.23.0' ],
79 silly audit   '@types/node': [ '25.0.3' ],
79 silly audit   '@types/yauzl': [ '2.10.3' ],
79 silly audit   'agent-base': [ '7.1.4' ],
79 silly audit   'ansi-regex': [ '5.0.1' ],
79 silly audit   'ansi-styles': [ '4.3.0' ],
79 silly audit   argparse: [ '2.0.1' ],
79 silly audit   'ast-types': [ '0.13.4' ],
79 silly audit   asynckit: [ '0.4.0' ],
79 silly audit   axios: [ '1.13.2' ],
79 silly audit   b4a: [ '1.7.3' ],
79 silly audit   'bare-events': [ '2.8.2' ],
79 silly audit   'bare-fs': [ '4.5.2' ],
79 silly audit   'bare-os': [ '3.6.2' ],
79 silly audit   'bare-path': [ '3.0.0' ],
79 silly audit   'bare-stream': [ '2.7.0' ],
79 silly audit   'bare-url': [ '2.3.2' ],
79 silly audit   'basic-ftp': [ '5.1.0' ],
79 silly audit   boolbase: [ '1.0.0' ],
79 silly audit   'buffer-crc32': [ '0.2.13' ],
79 silly audit   'call-bind-apply-helpers': [ '1.0.2' ],
79 silly audit   callsites: [ '3.1.0' ],
79 silly audit   cheerio: [ '1.1.2' ],
79 silly audit   'cheerio-select': [ '2.1.0' ],
79 silly audit   'chromium-bidi': [ '12.0.1' ],
79 silly audit   cliui: [ '8.0.1' ],
79 silly audit   'color-convert': [ '2.0.1' ],
79 silly audit   'color-name': [ '1.1.4' ],
79 silly audit   'combined-stream': [ '1.0.8' ],
79 silly audit   cosmiconfig: [ '9.0.0' ],
79 silly audit   'css-select': [ '5.2.2' ],
79 silly audit   'css-what': [ '6.2.2' ],
79 silly audit   'data-uri-to-buffer': [ '6.0.2' ],
79 silly audit   debug: [ '4.4.3' ],
79 silly audit   degenerator: [ '5.0.1' ],
79 silly audit   'delayed-stream': [ '1.0.0' ],
79 silly audit   'devtools-protocol': [ '0.0.1534754' ],
79 silly audit   'dom-serializer': [ '2.0.0' ],
79 silly audit   domelementtype: [ '2.3.0' ],
79 silly audit   domhandler: [ '5.0.3' ],
79 silly audit   domutils: [ '3.2.2' ],
79 silly audit   'dunder-proto': [ '1.0.1' ],
79 silly audit   'emoji-regex': [ '8.0.0' ],
79 silly audit   'encoding-sniffer': [ '0.2.1' ],
79 silly audit   'end-of-stream': [ '1.4.5' ],
79 silly audit   entities: [ '4.5.0', '6.0.1' ],
79 silly audit   'env-paths': [ '2.2.1' ],
79 silly audit   'error-ex': [ '1.3.4' ],
79 silly audit   'es-define-property': [ '1.0.1' ],
79 silly audit   'es-errors': [ '1.3.0' ],
79 silly audit   'es-object-atoms': [ '1.1.1' ],
79 silly audit   'es-set-tostringtag': [ '2.1.0' ],
79 silly audit   escalade: [ '3.2.0' ],
79 silly audit   escodegen: [ '2.1.0' ],
79 silly audit   esprima: [ '4.0.1' ],
79 silly audit   estraverse: [ '5.3.0' ],
79 silly audit   esutils: [ '2.0.3' ],
79 silly audit   'events-universal': [ '1.0.1' ],
79 silly audit   'extract-zip': [ '2.0.1' ],
79 silly audit   'fast-fifo': [ '1.3.2' ],
79 silly audit   'fd-slicer': [ '1.1.0' ],
79 silly audit   'follow-redirects': [ '1.15.11' ],
79 silly audit   'form-data': [ '4.0.5' ],
79 silly audit   'function-bind': [ '1.1.2' ],
79 silly audit   'get-caller-file': [ '2.0.5' ],
79 silly audit   'get-intrinsic': [ '1.3.0' ],
79 silly audit   'get-proto': [ '1.0.1' ],
79 silly audit   'get-stream': [ '5.2.0' ],
79 silly audit   'get-uri': [ '6.0.5' ],
79 silly audit   gopd: [ '1.2.0' ],
79 silly audit   'has-symbols': [ '1.1.0' ],
79 silly audit   'has-tostringtag': [ '1.0.2' ],
79 silly audit   hasown: [ '2.0.2' ],
79 silly audit   htmlparser2: [ '10.0.0' ],
79 silly audit   'http-proxy-agent': [ '7.0.2' ],
79 silly audit   'https-proxy-agent': [ '7.0.6' ],
79 silly audit   'iconv-lite': [ '0.6.3' ],
79 silly audit   'import-fresh': [ '3.3.1' ],
79 silly audit   'ip-address': [ '10.1.0' ],
79 silly audit   'is-arrayish': [ '0.2.1' ],
79 silly audit   'is-fullwidth-code-point': [ '3.0.0' ],
79 silly audit   'js-tokens': [ '4.0.0' ],
79 silly audit   'js-yaml': [ '4.1.1' ],
79 silly audit   'json-parse-even-better-errors': [ '2.3.1' ],
79 silly audit   'lines-and-columns': [ '1.2.4' ],
79 silly audit   'lru-cache': [ '7.18.3' ],
79 silly audit   'math-intrinsics': [ '1.1.0' ],
79 silly audit   'mime-db': [ '1.52.0' ],
79 silly audit   'mime-types': [ '2.1.35' ],
79 silly audit   mitt: [ '3.0.1' ],
79 silly audit   ms: [ '2.1.3' ],
79 silly audit   netmask: [ '2.0.2' ],
79 silly audit   'nth-check': [ '2.1.1' ],
79 silly audit   once: [ '1.4.0' ],
79 silly audit   'pac-proxy-agent': [ '7.2.0' ],
79 silly audit   'pac-resolver': [ '7.0.1' ],
79 silly audit   'parent-module': [ '1.0.1' ],
79 silly audit   'parse-json': [ '5.2.0' ],
79 silly audit   parse5: [ '7.3.0' ],
79 silly audit   'parse5-htmlparser2-tree-adapter': [ '7.1.0' ],
79 silly audit   'parse5-parser-stream': [ '7.1.2' ],
79 silly audit   pend: [ '1.2.0' ],
79 silly audit   picocolors: [ '1.1.1' ],
79 silly audit   progress: [ '2.0.3' ],
79 silly audit   'proxy-agent': [ '6.5.0' ],
79 silly audit   'proxy-from-env': [ '1.1.0' ],
79 silly audit   pump: [ '3.0.3' ],
79 silly audit   puppeteer: [ '24.34.0' ],
79 silly audit   'puppeteer-core': [ '24.34.0' ],
79 silly audit   'require-directory': [ '2.1.1' ],
79 silly audit   'resolve-from': [ '4.0.0' ],
79 silly audit   'safer-buffer': [ '2.1.2' ],
79 silly audit   semver: [ '7.7.3' ],
79 silly audit   'smart-buffer': [ '4.2.0' ],
79 silly audit   socks: [ '2.8.7' ],
79 silly audit   'socks-proxy-agent': [ '8.0.5' ],
79 silly audit   'source-map': [ '0.6.1' ],
79 silly audit   streamx: [ '2.23.0' ],
79 silly audit   'string-width': [ '4.2.3' ],
79 silly audit   'strip-ansi': [ '6.0.1' ],
79 silly audit   'tar-fs': [ '3.1.1' ],
79 silly audit   'tar-stream': [ '3.1.7' ],
79 silly audit   'text-decoder': [ '1.2.3' ],
79 silly audit   tslib: [ '2.8.1' ],
79 silly audit   'typed-query-selector': [ '2.12.0' ],
79 silly audit   undici: [ '7.18.2' ],
79 silly audit   'undici-types': [ '7.16.0' ],
79 silly audit   'webdriver-bidi-protocol': [ '0.3.10' ],
79 silly audit   'whatwg-encoding': [ '3.1.1' ],
79 silly audit   'whatwg-mimetype': [ '4.0.0' ],
79 silly audit   'wrap-ansi': [ '7.0.0' ],
79 silly audit   wrappy: [ '1.0.2' ],
79 silly audit   ws: [ '8.19.0' ],
79 silly audit   y18n: [ '5.0.8' ],
79 silly audit   yargs: [ '17.7.2' ],
79 silly audit   'yargs-parser': [ '21.1.1' ],
79 silly audit   yauzl: [ '2.10.0' ],
79 silly audit   zod: [ '3.25.76' ],
79 silly audit   '@vitalets/google-translate-api': [ '9.2.1' ],
79 silly audit   '@types/http-errors': [ '1.8.2' ],
79 silly audit   'http-errors': [ '2.0.1' ],
79 silly audit   'node-fetch': [ '2.7.0' ],
79 silly audit   depd: [ '2.0.0' ],
79 silly audit   inherits: [ '2.0.4' ],
79 silly audit   setprototypeof: [ '1.2.0' ],
79 silly audit   statuses: [ '2.0.2' ],
79 silly audit   toidentifier: [ '1.0.1' ],
79 silly audit   'whatwg-url': [ '5.0.0' ],
79 silly audit   tr46: [ '0.0.3' ],
79 silly audit   'webidl-conversions': [ '3.0.1' ]
79 silly audit }
80 http cache webidl-conversions@https://registry.npmjs.org/webidl-conversions/-/webidl-conversions-3.0.1.tgz 0ms (cache hit)
81 http cache tr46@https://registry.npmjs.org/tr46/-/tr46-0.0.3.tgz 0ms (cache hit)
82 http cache whatwg-url@https://registry.npmjs.org/whatwg-url/-/whatwg-url-5.0.0.tgz 0ms (cache hit)
83 http cache statuses@https://registry.npmjs.org/statuses/-/statuses-2.0.2.tgz 0ms (cache hit)
84 http cache inherits@https://registry.npmjs.org/inherits/-/inherits-2.0.4.tgz 0ms (cache hit)
85 http cache toidentifier@https://registry.npmjs.org/toidentifier/-/toidentifier-1.0.1.tgz 0ms (cache hit)
86 http cache setprototypeof@https://registry.npmjs.org/setprototypeof/-/setprototypeof-1.2.0.tgz 0ms (cache hit)
87 http cache depd@https://registry.npmjs.org/depd/-/depd-2.0.0.tgz 0ms (cache hit)
88 http cache http-errors@https://registry.npmjs.org/http-errors/-/http-errors-2.0.1.tgz 0ms (cache hit)
89 http cache node-fetch@https://registry.npmjs.org/node-fetch/-/node-fetch-2.7.0.tgz 0ms (cache hit)
90 http cache @vitalets/google-translate-api@https://registry.npmjs.org/@vitalets/google-translate-api/-/google-translate-api-9.2.1.tgz 0ms (cache hit)
91 http cache @types/http-errors@https://registry.npmjs.org/@types/http-errors/-/http-errors-1.8.2.tgz 0ms (cache hit)
92 silly tarball no local data for webidl-conversions@https://registry.npmjs.org/webidl-conversions/-/webidl-conversions-3.0.1.tgz. Extracting by manifest.
93 silly tarball no local data for whatwg-url@https://registry.npmjs.org/whatwg-url/-/whatwg-url-5.0.0.tgz. Extracting by manifest.
94 silly tarball no local data for tr46@https://registry.npmjs.org/tr46/-/tr46-0.0.3.tgz. Extracting by manifest.
95 silly tarball no local data for statuses@https://registry.npmjs.org/statuses/-/statuses-2.0.2.tgz. Extracting by manifest.
96 silly tarball no local data for inherits@https://registry.npmjs.org/inherits/-/inherits-2.0.4.tgz. Extracting by manifest.
97 silly tarball no local data for toidentifier@https://registry.npmjs.org/toidentifier/-/toidentifier-1.0.1.tgz. Extracting by manifest.
98 silly tarball no local data for setprototypeof@https://registry.npmjs.org/setprototypeof/-/setprototypeof-1.2.0.tgz. Extracting by manifest.
99 silly tarball no local data for depd@https://registry.npmjs.org/depd/-/depd-2.0.0.tgz. Extracting by manifest.
100 silly tarball no local data for http-errors@https://registry.npmjs.org/http-errors/-/http-errors-2.0.1.tgz. Extracting by manifest.
101 silly tarball no local data for node-fetch@https://registry.npmjs.org/node-fetch/-/node-fetch-2.7.0.tgz. Extracting by manifest.
102 silly tarball no local data for @vitalets/google-translate-api@https://registry.npmjs.org/@vitalets/google-translate-api/-/google-translate-api-9.2.1.tgz. Extracting by manifest.
103 silly tarball no local data for @types/http-errors@https://registry.npmjs.org/@types/http-errors/-/http-errors-1.8.2.tgz. Extracting by manifest.
104 http fetch GET 200 https://registry.npmjs.org/inherits/-/inherits-2.0.4.tgz 49ms (cache miss)
105 http fetch GET 200 https://registry.npmjs.org/statuses/-/statuses-2.0.2.tgz 49ms (cache miss)
106 http fetch GET 200 https://registry.npmjs.org/webidl-conversions/-/webidl-conversions-3.0.1.tgz 51ms (cache miss)
107 http fetch GET 200 https://registry.npmjs.org/whatwg-url/-/whatwg-url-5.0.0.tgz 51ms (cache miss)
108 http fetch GET 200 https://registry.npmjs.org/tr46/-/tr46-0.0.3.tgz 52ms (cache miss)
109 http fetch GET 200 https://registry.npmjs.org/setprototypeof/-/setprototypeof-1.2.0.tgz 65ms (cache miss)
110 http fetch GET 200 https://registry.npmjs.org/depd/-/depd-2.0.0.tgz 67ms (cache miss)
111 http fetch GET 200 https://registry.npmjs.org/toidentifier/-/toidentifier-1.0.1.tgz 67ms (cache miss)
112 http fetch GET 200 https://registry.npmjs.org/http-errors/-/http-errors-2.0.1.tgz 69ms (cache miss)
113 http fetch GET 200 https://registry.npmjs.org/node-fetch/-/node-fetch-2.7.0.tgz 78ms (cache miss)
114 http fetch POST 200 https://registry.npmjs.org/-/npm/v1/security/advisories/bulk 464ms
115 silly audit report {}
116 http fetch GET 200 https://registry.npmjs.org/@vitalets/google-translate-api/-/google-translate-api-9.2.1.tgz 617ms (cache miss)
117 http fetch GET 200 https://registry.npmjs.org/@types/http-errors/-/http-errors-1.8.2.tgz 791ms (cache miss)
118 silly ADD node_modules/webidl-conversions
119 silly ADD node_modules/tr46
120 silly ADD node_modules/whatwg-url
121 silly ADD node_modules/toidentifier
122 silly ADD node_modules/statuses
123 silly ADD node_modules/setprototypeof
124 silly ADD node_modules/inherits
125 silly ADD node_modules/depd
126 silly ADD node_modules/node-fetch
127 silly ADD node_modules/http-errors
128 silly ADD node_modules/@types/http-errors
129 silly ADD node_modules/@vitalets/google-translate-api
130 verbose cwd /Users/drensefa/coding/website
131 verbose os Darwin 24.3.0
132 verbose node v24.12.0
133 verbose npm  v11.6.2
134 verbose exit 0
135 info ok
