0 verbose cli /usr/local/bin/node /usr/local/bin/npm
1 info using npm@11.6.2
2 info using node@v24.12.0
3 silly config load:file:/usr/local/lib/node_modules/npm/npmrc
4 silly config load:file:/Users/drensefa/coding/website/.npmrc
5 silly config load:file:/Users/drensefa/.npmrc
6 silly config load:file:/usr/local/etc/npmrc
7 verbose title npm install puppeteer
8 verbose argv "install" "puppeteer" "--cache" ".npm-cache"
9 verbose logfile logs-max:10 dir:/Users/drensefa/coding/website/.npm-cache/_logs/2026-01-07T17_56_55_763Z-
10 verbose logfile /Users/drensefa/coding/website/.npm-cache/_logs/2026-01-07T17_56_55_763Z-debug-0.log
11 silly logfile done cleaning log files
12 silly packumentCache heap:2348810240 maxSize:587202560 maxEntrySize:293601280
13 silly idealTree buildDeps
14 silly fetch manifest puppeteer@*
15 silly packumentCache full:https://registry.npmjs.org/puppeteer cache-miss
16 http fetch GET 200 https://registry.npmjs.org/puppeteer 674ms (cache miss)
17 silly packumentCache full:https://registry.npmjs.org/puppeteer set size:undefined disposed:false
18 silly placeDep ROOT puppeteer@24.34.0 OK for: website@1.0.0 want: *
19 silly fetch manifest @puppeteer/browsers@2.11.0
20 silly packumentCache full:https://registry.npmjs.org/@puppeteer%2fbrowsers cache-miss
21 silly fetch manifest chromium-bidi@12.0.1
22 silly packumentCache full:https://registry.npmjs.org/chromium-bidi cache-miss
23 silly fetch manifest cosmiconfig@^9.0.0
24 silly packumentCache full:https://registry.npmjs.org/cosmiconfig cache-miss
25 silly fetch manifest devtools-protocol@0.0.1534754
26 silly packumentCache full:https://registry.npmjs.org/devtools-protocol cache-miss
27 silly fetch manifest puppeteer-core@24.34.0
28 silly packumentCache full:https://registry.npmjs.org/puppeteer-core cache-miss
29 silly fetch manifest typed-query-selector@^2.12.0
30 silly packumentCache full:https://registry.npmjs.org/typed-query-selector cache-miss
31 http fetch GET 200 https://registry.npmjs.org/devtools-protocol 445ms (cache miss)
32 silly packumentCache full:https://registry.npmjs.org/devtools-protocol set size:undefined disposed:false
33 http fetch GET 200 https://registry.npmjs.org/puppeteer-core 460ms (cache miss)
34 silly packumentCache full:https://registry.npmjs.org/puppeteer-core set size:undefined disposed:false
35 http fetch GET 200 https://registry.npmjs.org/chromium-bidi 533ms (cache miss)
36 silly packumentCache full:https://registry.npmjs.org/chromium-bidi set size:undefined disposed:false
37 http fetch GET 200 https://registry.npmjs.org/cosmiconfig 748ms (cache miss)
38 silly packumentCache full:https://registry.npmjs.org/cosmiconfig set size:undefined disposed:false
39 http fetch GET 200 https://registry.npmjs.org/typed-query-selector 878ms (cache miss)
40 silly packumentCache full:https://registry.npmjs.org/typed-query-selector set size:undefined disposed:false
41 http fetch GET 200 https://registry.npmjs.org/@puppeteer%2fbrowsers 1440ms (cache miss)
42 silly packumentCache full:https://registry.npmjs.org/@puppeteer%2fbrowsers set size:undefined disposed:false
43 silly fetch manifest typescript@>=4.9.5
44 silly packumentCache full:https://registry.npmjs.org/typescript cache-miss
45 http fetch GET 200 https://registry.npmjs.org/typescript 926ms (cache miss)
46 silly packumentCache full:https://registry.npmjs.org/typescript set size:undefined disposed:false
47 silly placeDep ROOT @puppeteer/browsers@2.11.0 OK for: puppeteer@24.34.0 want: 2.11.0
48 silly placeDep ROOT chromium-bidi@12.0.1 OK for: puppeteer@24.34.0 want: 12.0.1
49 silly placeDep ROOT devtools-protocol@0.0.1534754 OK for: chromium-bidi@12.0.1 want: *
50 silly placeDep ROOT cosmiconfig@9.0.0 OK for: puppeteer@24.34.0 want: ^9.0.0
51 silly placeDep ROOT puppeteer-core@24.34.0 OK for: puppeteer@24.34.0 want: 24.34.0
52 silly placeDep ROOT typed-query-selector@2.12.0 OK for: puppeteer@24.34.0 want: ^2.12.0
53 silly fetch manifest debug@^4.4.3
54 silly packumentCache full:https://registry.npmjs.org/debug cache-miss
55 silly fetch manifest extract-zip@^2.0.1
56 silly packumentCache full:https://registry.npmjs.org/extract-zip cache-miss
57 silly fetch manifest progress@^2.0.3
58 silly packumentCache full:https://registry.npmjs.org/progress cache-miss
59 silly fetch manifest proxy-agent@^6.5.0
60 silly packumentCache full:https://registry.npmjs.org/proxy-agent cache-miss
61 silly fetch manifest tar-fs@^3.1.1
62 silly packumentCache full:https://registry.npmjs.org/tar-fs cache-miss
63 silly fetch manifest yargs@^17.7.2
64 silly packumentCache full:https://registry.npmjs.org/yargs cache-miss
65 silly fetch manifest semver@^7.7.3
66 silly packumentCache full:https://registry.npmjs.org/semver cache-miss
67 http fetch GET 200 https://registry.npmjs.org/debug 44ms (cache miss)
68 silly packumentCache full:https://registry.npmjs.org/debug set size:undefined disposed:false
69 silly fetch manifest mitt@^3.0.1
70 silly packumentCache full:https://registry.npmjs.org/mitt cache-miss
71 http fetch GET 200 https://registry.npmjs.org/tar-fs 302ms (cache miss)
72 silly packumentCache full:https://registry.npmjs.org/tar-fs set size:undefined disposed:false
73 silly fetch manifest zod@^3.24.1
74 silly packumentCache full:https://registry.npmjs.org/zod cache-miss
75 http fetch GET 200 https://registry.npmjs.org/progress 309ms (cache miss)
76 silly packumentCache full:https://registry.npmjs.org/progress set size:undefined disposed:false
77 silly fetch manifest env-paths@^2.2.1
78 silly packumentCache full:https://registry.npmjs.org/env-paths cache-miss
79 http fetch GET 200 https://registry.npmjs.org/extract-zip 310ms (cache miss)
80 silly packumentCache full:https://registry.npmjs.org/extract-zip set size:undefined disposed:false
81 silly fetch manifest import-fresh@^3.3.0
82 silly packumentCache full:https://registry.npmjs.org/import-fresh cache-miss
83 http fetch GET 200 https://registry.npmjs.org/proxy-agent 315ms (cache miss)
84 silly packumentCache full:https://registry.npmjs.org/proxy-agent set size:undefined disposed:false
85 silly fetch manifest js-yaml@^4.1.0
86 silly packumentCache full:https://registry.npmjs.org/js-yaml cache-miss
87 http fetch GET 200 https://registry.npmjs.org/yargs 328ms (cache miss)
88 silly packumentCache full:https://registry.npmjs.org/yargs set size:undefined disposed:false
89 silly fetch manifest parse-json@^5.2.0
90 silly packumentCache full:https://registry.npmjs.org/parse-json cache-miss
91 http fetch GET 200 https://registry.npmjs.org/import-fresh 43ms (cache miss)
92 silly packumentCache full:https://registry.npmjs.org/import-fresh set size:undefined disposed:false
93 silly fetch manifest webdriver-bidi-protocol@0.3.10
94 silly packumentCache full:https://registry.npmjs.org/webdriver-bidi-protocol cache-miss
95 http fetch GET 200 https://registry.npmjs.org/js-yaml 46ms (cache miss)
96 silly packumentCache full:https://registry.npmjs.org/js-yaml set size:undefined disposed:false
97 silly fetch manifest ws@^8.18.3
98 silly packumentCache full:https://registry.npmjs.org/ws cache-miss
99 http fetch GET 200 https://registry.npmjs.org/parse-json 40ms (cache miss)
100 silly packumentCache full:https://registry.npmjs.org/parse-json set size:undefined disposed:false
101 http fetch GET 200 https://registry.npmjs.org/semver 434ms (cache miss)
102 silly packumentCache full:https://registry.npmjs.org/semver set size:undefined disposed:false
103 http fetch GET 200 https://registry.npmjs.org/ws 331ms (cache miss)
104 silly packumentCache full:https://registry.npmjs.org/ws set size:undefined disposed:false
105 http fetch GET 200 https://registry.npmjs.org/mitt 819ms (cache miss)
106 silly packumentCache full:https://registry.npmjs.org/mitt set size:undefined disposed:false
107 http fetch GET 200 https://registry.npmjs.org/webdriver-bidi-protocol 514ms (cache miss)
108 silly packumentCache full:https://registry.npmjs.org/webdriver-bidi-protocol set size:undefined disposed:false
109 http fetch GET 200 https://registry.npmjs.org/zod 587ms (cache miss)
110 silly packumentCache full:https://registry.npmjs.org/zod set size:undefined disposed:false
111 http fetch GET 200 https://registry.npmjs.org/env-paths 653ms (cache miss)
112 silly packumentCache full:https://registry.npmjs.org/env-paths set size:undefined disposed:false
113 silly placeDep ROOT debug@4.4.3 OK for: @puppeteer/browsers@2.11.0 want: ^4.4.3
114 silly placeDep ROOT extract-zip@2.0.1 OK for: @puppeteer/browsers@2.11.0 want: ^2.0.1
115 silly placeDep ROOT progress@2.0.3 OK for: @puppeteer/browsers@2.11.0 want: ^2.0.3
116 silly placeDep ROOT proxy-agent@6.5.0 OK for: @puppeteer/browsers@2.11.0 want: ^6.5.0
117 silly placeDep ROOT semver@7.7.3 OK for: @puppeteer/browsers@2.11.0 want: ^7.7.3
118 silly placeDep ROOT tar-fs@3.1.1 OK for: @puppeteer/browsers@2.11.0 want: ^3.1.1
119 silly placeDep ROOT yargs@17.7.2 OK for: @puppeteer/browsers@2.11.0 want: ^17.7.2
120 silly fetch manifest ms@^2.1.3
121 silly packumentCache full:https://registry.npmjs.org/ms cache-miss
122 silly fetch manifest get-stream@^5.1.0
123 silly packumentCache full:https://registry.npmjs.org/get-stream cache-miss
124 silly fetch manifest yauzl@^2.10.0
125 silly packumentCache full:https://registry.npmjs.org/yauzl cache-miss
126 silly fetch manifest @types/yauzl@^2.9.1
127 silly packumentCache full:https://registry.npmjs.org/@types%2fyauzl cache-miss
128 silly fetch manifest agent-base@^7.1.2
129 silly packumentCache full:https://registry.npmjs.org/agent-base cache-miss
130 silly fetch manifest http-proxy-agent@^7.0.1
131 silly packumentCache full:https://registry.npmjs.org/http-proxy-agent cache-miss
132 silly fetch manifest https-proxy-agent@^7.0.6
133 silly packumentCache full:https://registry.npmjs.org/https-proxy-agent cache-miss
134 http fetch GET 200 https://registry.npmjs.org/get-stream 43ms (cache miss)
135 silly packumentCache full:https://registry.npmjs.org/get-stream set size:undefined disposed:false
136 silly fetch manifest lru-cache@^7.14.1
137 silly packumentCache full:https://registry.npmjs.org/lru-cache cache-miss
138 http fetch GET 200 https://registry.npmjs.org/lru-cache 37ms (cache miss)
139 silly packumentCache full:https://registry.npmjs.org/lru-cache set size:undefined disposed:false
140 silly fetch manifest pac-proxy-agent@^7.1.0
141 silly packumentCache full:https://registry.npmjs.org/pac-proxy-agent cache-miss
142 http fetch GET 200 https://registry.npmjs.org/agent-base 114ms (cache miss)
143 silly packumentCache full:https://registry.npmjs.org/agent-base set size:undefined disposed:false
144 silly fetch manifest socks-proxy-agent@^8.0.5
145 silly packumentCache full:https://registry.npmjs.org/socks-proxy-agent cache-miss
146 http fetch GET 200 https://registry.npmjs.org/ms 283ms (cache miss)
147 silly packumentCache full:https://registry.npmjs.org/ms set size:undefined disposed:false
148 silly fetch manifest pump@^3.0.0
149 silly packumentCache full:https://registry.npmjs.org/pump cache-miss
150 http fetch GET 200 https://registry.npmjs.org/http-proxy-agent 307ms (cache miss)
151 silly packumentCache full:https://registry.npmjs.org/http-proxy-agent set size:undefined disposed:false
152 silly fetch manifest tar-stream@^3.1.5
153 silly packumentCache full:https://registry.npmjs.org/tar-stream cache-miss
154 http fetch GET 200 https://registry.npmjs.org/yauzl 314ms (cache miss)
155 silly packumentCache full:https://registry.npmjs.org/yauzl set size:undefined disposed:false
156 silly fetch manifest bare-fs@^4.0.1
157 silly packumentCache full:https://registry.npmjs.org/bare-fs cache-miss
158 http fetch GET 200 https://registry.npmjs.org/tar-stream 42ms (cache miss)
159 silly packumentCache full:https://registry.npmjs.org/tar-stream set size:undefined disposed:false
160 silly fetch manifest bare-path@^3.0.0
161 silly packumentCache full:https://registry.npmjs.org/bare-path cache-miss
162 http fetch GET 200 https://registry.npmjs.org/pac-proxy-agent 307ms (cache miss)
163 silly packumentCache full:https://registry.npmjs.org/pac-proxy-agent set size:undefined disposed:false
164 silly fetch manifest y18n@^5.0.5
165 silly packumentCache full:https://registry.npmjs.org/y18n cache-miss
166 http fetch GET 200 https://registry.npmjs.org/y18n 53ms (cache miss)
167 silly packumentCache full:https://registry.npmjs.org/y18n set size:undefined disposed:false
168 silly fetch manifest cliui@^8.0.1
169 silly packumentCache full:https://registry.npmjs.org/cliui cache-miss
170 http fetch GET 200 https://registry.npmjs.org/https-proxy-agent 503ms (cache miss)
171 silly packumentCache full:https://registry.npmjs.org/https-proxy-agent set size:undefined disposed:false
172 silly fetch manifest escalade@^3.1.1
173 silly packumentCache full:https://registry.npmjs.org/escalade cache-miss
174 http fetch GET 200 https://registry.npmjs.org/cliui 57ms (cache miss)
175 silly packumentCache full:https://registry.npmjs.org/cliui set size:undefined disposed:false
176 silly fetch manifest string-width@^4.2.3
177 silly packumentCache full:https://registry.npmjs.org/string-width cache-miss
178 http fetch GET 200 https://registry.npmjs.org/@types%2fyauzl 574ms (cache miss)
179 silly packumentCache full:https://registry.npmjs.org/@types%2fyauzl set size:undefined disposed:false
180 silly fetch manifest yargs-parser@^21.1.1
181 silly packumentCache full:https://registry.npmjs.org/yargs-parser cache-miss
182 http fetch GET 200 https://registry.npmjs.org/escalade 87ms (cache miss)
183 silly packumentCache full:https://registry.npmjs.org/escalade set size:undefined disposed:false
184 silly fetch manifest get-caller-file@^2.0.5
185 silly packumentCache full:https://registry.npmjs.org/get-caller-file cache-miss
186 http fetch GET 200 https://registry.npmjs.org/pump 311ms (cache miss)
187 silly packumentCache full:https://registry.npmjs.org/pump set size:undefined disposed:false
188 silly fetch manifest require-directory@^2.1.1
189 silly packumentCache full:https://registry.npmjs.org/require-directory cache-miss
190 http fetch GET 200 https://registry.npmjs.org/bare-fs 304ms (cache miss)
191 silly packumentCache full:https://registry.npmjs.org/bare-fs set size:undefined disposed:false
192 http fetch GET 200 https://registry.npmjs.org/get-caller-file 36ms (cache miss)
193 silly packumentCache full:https://registry.npmjs.org/get-caller-file set size:undefined disposed:false
194 http fetch GET 200 https://registry.npmjs.org/require-directory 36ms (cache miss)
195 silly packumentCache full:https://registry.npmjs.org/require-directory set size:undefined disposed:false
196 http fetch GET 200 https://registry.npmjs.org/yargs-parser 69ms (cache miss)
197 silly packumentCache full:https://registry.npmjs.org/yargs-parser set size:undefined disposed:false
198 http fetch GET 200 https://registry.npmjs.org/socks-proxy-agent 614ms (cache miss)
199 silly packumentCache full:https://registry.npmjs.org/socks-proxy-agent set size:undefined disposed:false
200 http fetch GET 200 https://registry.npmjs.org/bare-path 394ms (cache miss)
201 silly packumentCache full:https://registry.npmjs.org/bare-path set size:undefined disposed:false
202 http fetch GET 200 https://registry.npmjs.org/string-width 303ms (cache miss)
203 silly packumentCache full:https://registry.npmjs.org/string-width set size:undefined disposed:false
204 silly placeDep ROOT mitt@3.0.1 OK for: chromium-bidi@12.0.1 want: ^3.0.1
205 silly placeDep ROOT zod@3.25.76 OK for: chromium-bidi@12.0.1 want: ^3.24.1
206 silly placeDep ROOT env-paths@2.2.1 OK for: cosmiconfig@9.0.0 want: ^2.2.1
207 silly placeDep ROOT import-fresh@3.3.1 OK for: cosmiconfig@9.0.0 want: ^3.3.0
208 silly placeDep ROOT js-yaml@4.1.1 OK for: cosmiconfig@9.0.0 want: ^4.1.0
209 silly placeDep ROOT parse-json@5.2.0 OK for: cosmiconfig@9.0.0 want: ^5.2.0
210 silly fetch manifest parent-module@^1.0.0
211 silly packumentCache full:https://registry.npmjs.org/parent-module cache-miss
212 silly fetch manifest resolve-from@^4.0.0
213 silly packumentCache full:https://registry.npmjs.org/resolve-from cache-miss
214 silly fetch manifest argparse@^2.0.1
215 silly packumentCache full:https://registry.npmjs.org/argparse cache-miss
216 silly fetch manifest error-ex@^1.3.1
217 silly packumentCache full:https://registry.npmjs.org/error-ex cache-miss
218 silly fetch manifest @babel/code-frame@^7.0.0
219 silly packumentCache full:https://registry.npmjs.org/@babel%2fcode-frame cache-miss
220 silly fetch manifest lines-and-columns@^1.1.6
221 silly packumentCache full:https://registry.npmjs.org/lines-and-columns cache-miss
222 silly fetch manifest json-parse-even-better-errors@^2.3.0
223 silly packumentCache full:https://registry.npmjs.org/json-parse-even-better-errors cache-miss
224 http fetch GET 200 https://registry.npmjs.org/lines-and-columns 35ms (cache miss)
225 silly packumentCache full:https://registry.npmjs.org/lines-and-columns set size:undefined disposed:false
226 http fetch GET 200 https://registry.npmjs.org/json-parse-even-better-errors 38ms (cache miss)
227 silly packumentCache full:https://registry.npmjs.org/json-parse-even-better-errors set size:undefined disposed:false
228 http fetch GET 200 https://registry.npmjs.org/resolve-from 43ms (cache miss)
229 silly packumentCache full:https://registry.npmjs.org/resolve-from set size:undefined disposed:false
230 http fetch GET 200 https://registry.npmjs.org/error-ex 47ms (cache miss)
231 silly packumentCache full:https://registry.npmjs.org/error-ex set size:undefined disposed:false
232 http fetch GET 200 https://registry.npmjs.org/parent-module 57ms (cache miss)
233 silly packumentCache full:https://registry.npmjs.org/parent-module set size:undefined disposed:false
234 http fetch GET 200 https://registry.npmjs.org/argparse 358ms (cache miss)
235 silly packumentCache full:https://registry.npmjs.org/argparse set size:undefined disposed:false
236 http fetch GET 200 https://registry.npmjs.org/@babel%2fcode-frame 801ms (cache miss)
237 silly packumentCache full:https://registry.npmjs.org/@babel%2fcode-frame set size:undefined disposed:false
238 silly placeDep ROOT ms@2.1.3 OK for: debug@4.4.3 want: ^2.1.3
239 silly placeDep ROOT @types/yauzl@2.10.3 OK for: extract-zip@2.0.1 want: ^2.9.1
240 silly placeDep ROOT get-stream@5.2.0 OK for: extract-zip@2.0.1 want: ^5.1.0
241 silly placeDep ROOT yauzl@2.10.0 OK for: extract-zip@2.0.1 want: ^2.10.0
242 silly fetch manifest @types/node@*
243 silly packumentCache full:https://registry.npmjs.org/@types%2fnode cache-miss
244 silly fetch manifest fd-slicer@~1.1.0
245 silly packumentCache full:https://registry.npmjs.org/fd-slicer cache-miss
246 silly fetch manifest buffer-crc32@~0.2.3
247 silly packumentCache full:https://registry.npmjs.org/buffer-crc32 cache-miss
248 http fetch GET 200 https://registry.npmjs.org/fd-slicer 357ms (cache miss)
249 silly packumentCache full:https://registry.npmjs.org/fd-slicer set size:undefined disposed:false
250 http fetch GET 200 https://registry.npmjs.org/buffer-crc32 540ms (cache miss)
251 silly packumentCache full:https://registry.npmjs.org/buffer-crc32 set size:undefined disposed:false
252 http fetch GET 200 https://registry.npmjs.org/@types%2fnode 1024ms (cache miss)
253 silly packumentCache full:https://registry.npmjs.org/@types%2fnode set size:undefined disposed:false
254 silly placeDep ROOT @types/node@25.0.3 OK for: @types/yauzl@2.10.3 want: *
255 silly fetch manifest undici-types@~7.16.0
256 silly packumentCache full:https://registry.npmjs.org/undici-types cache-miss
257 http fetch GET 200 https://registry.npmjs.org/undici-types 597ms (cache miss)
258 silly packumentCache full:https://registry.npmjs.org/undici-types set size:undefined disposed:false
259 silly placeDep ROOT undici-types@7.16.0 OK for: @types/node@25.0.3 want: ~7.16.0
260 silly placeDep ROOT pump@3.0.3 OK for: get-stream@5.2.0 want: ^3.0.0
261 silly fetch manifest end-of-stream@^1.1.0
262 silly packumentCache full:https://registry.npmjs.org/end-of-stream cache-miss
263 silly fetch manifest once@^1.3.1
264 silly packumentCache full:https://registry.npmjs.org/once cache-miss
265 http fetch GET 200 https://registry.npmjs.org/end-of-stream 35ms (cache miss)
266 silly packumentCache full:https://registry.npmjs.org/end-of-stream set size:undefined disposed:false
267 http fetch GET 200 https://registry.npmjs.org/once 40ms (cache miss)
268 silly packumentCache full:https://registry.npmjs.org/once set size:undefined disposed:false
269 silly placeDep ROOT parent-module@1.0.1 OK for: import-fresh@3.3.1 want: ^1.0.0
270 silly placeDep ROOT resolve-from@4.0.0 OK for: import-fresh@3.3.1 want: ^4.0.0
271 silly fetch manifest callsites@^3.0.0
272 silly packumentCache full:https://registry.npmjs.org/callsites cache-miss
273 http fetch GET 200 https://registry.npmjs.org/callsites 659ms (cache miss)
274 silly packumentCache full:https://registry.npmjs.org/callsites set size:undefined disposed:false
275 silly placeDep ROOT argparse@2.0.1 OK for: js-yaml@4.1.1 want: ^2.0.1
276 silly placeDep ROOT callsites@3.1.0 OK for: parent-module@1.0.1 want: ^3.0.0
277 silly placeDep ROOT @babel/code-frame@7.27.1 OK for: parse-json@5.2.0 want: ^7.0.0
278 silly placeDep ROOT error-ex@1.3.4 OK for: parse-json@5.2.0 want: ^1.3.1
279 silly placeDep ROOT json-parse-even-better-errors@2.3.1 OK for: parse-json@5.2.0 want: ^2.3.0
280 silly placeDep ROOT lines-and-columns@1.2.4 OK for: parse-json@5.2.0 want: ^1.1.6
281 silly fetch manifest js-tokens@^4.0.0
282 silly packumentCache full:https://registry.npmjs.org/js-tokens cache-miss
283 silly fetch manifest picocolors@^1.1.1
284 silly packumentCache full:https://registry.npmjs.org/picocolors cache-miss
285 silly fetch manifest @babel/helper-validator-identifier@^7.27.1
286 silly packumentCache full:https://registry.npmjs.org/@babel%2fhelper-validator-identifier cache-miss
287 silly fetch manifest is-arrayish@^0.2.1
288 silly packumentCache full:https://registry.npmjs.org/is-arrayish cache-miss
289 http fetch GET 200 https://registry.npmjs.org/js-tokens 54ms (cache miss)
290 silly packumentCache full:https://registry.npmjs.org/js-tokens set size:undefined disposed:false
291 http fetch GET 200 https://registry.npmjs.org/picocolors 326ms (cache miss)
292 silly packumentCache full:https://registry.npmjs.org/picocolors set size:undefined disposed:false
293 http fetch GET 200 https://registry.npmjs.org/is-arrayish 613ms (cache miss)
294 silly packumentCache full:https://registry.npmjs.org/is-arrayish set size:undefined disposed:false
295 http fetch GET 200 https://registry.npmjs.org/@babel%2fhelper-validator-identifier 614ms (cache miss)
296 silly packumentCache full:https://registry.npmjs.org/@babel%2fhelper-validator-identifier set size:undefined disposed:false
297 silly placeDep ROOT @babel/helper-validator-identifier@7.28.5 OK for: @babel/code-frame@7.27.1 want: ^7.27.1
298 silly placeDep ROOT js-tokens@4.0.0 OK for: @babel/code-frame@7.27.1 want: ^4.0.0
299 silly placeDep ROOT picocolors@1.1.1 OK for: @babel/code-frame@7.27.1 want: ^1.1.1
300 silly placeDep ROOT is-arrayish@0.2.1 OK for: error-ex@1.3.4 want: ^0.2.1
301 silly placeDep ROOT agent-base@7.1.4 OK for: proxy-agent@6.5.0 want: ^7.1.2
302 silly placeDep ROOT http-proxy-agent@7.0.2 OK for: proxy-agent@6.5.0 want: ^7.0.1
303 silly placeDep ROOT https-proxy-agent@7.0.6 OK for: proxy-agent@6.5.0 want: ^7.0.6
304 silly placeDep ROOT lru-cache@7.18.3 OK for: proxy-agent@6.5.0 want: ^7.14.1
305 silly placeDep ROOT pac-proxy-agent@7.2.0 OK for: proxy-agent@6.5.0 want: ^7.1.0
306 silly placeDep ROOT socks-proxy-agent@8.0.5 OK for: proxy-agent@6.5.0 want: ^8.0.5
307 silly fetch manifest @tootallnate/quickjs-emscripten@^0.23.0
308 silly packumentCache full:https://registry.npmjs.org/@tootallnate%2fquickjs-emscripten cache-miss
309 silly fetch manifest get-uri@^6.0.1
310 silly packumentCache full:https://registry.npmjs.org/get-uri cache-miss
311 silly fetch manifest pac-resolver@^7.0.1
312 silly packumentCache full:https://registry.npmjs.org/pac-resolver cache-miss
313 silly fetch manifest socks@^2.8.3
314 silly packumentCache full:https://registry.npmjs.org/socks cache-miss
315 http fetch GET 200 https://registry.npmjs.org/get-uri 306ms (cache miss)
316 silly packumentCache full:https://registry.npmjs.org/get-uri set size:undefined disposed:false
317 http fetch GET 200 https://registry.npmjs.org/socks 345ms (cache miss)
318 silly packumentCache full:https://registry.npmjs.org/socks set size:undefined disposed:false
319 http fetch GET 200 https://registry.npmjs.org/pac-resolver 680ms (cache miss)
320 silly packumentCache full:https://registry.npmjs.org/pac-resolver set size:undefined disposed:false
321 http fetch GET 200 https://registry.npmjs.org/@tootallnate%2fquickjs-emscripten 800ms (cache miss)
322 silly packumentCache full:https://registry.npmjs.org/@tootallnate%2fquickjs-emscripten set size:undefined disposed:false
323 silly placeDep ROOT @tootallnate/quickjs-emscripten@0.23.0 OK for: pac-proxy-agent@7.2.0 want: ^0.23.0
324 silly placeDep ROOT get-uri@6.0.5 OK for: pac-proxy-agent@7.2.0 want: ^6.0.1
325 silly placeDep ROOT pac-resolver@7.0.1 OK for: pac-proxy-agent@7.2.0 want: ^7.0.1
326 silly fetch manifest basic-ftp@^5.0.2
327 silly packumentCache full:https://registry.npmjs.org/basic-ftp cache-miss
328 silly fetch manifest data-uri-to-buffer@^6.0.2
329 silly packumentCache full:https://registry.npmjs.org/data-uri-to-buffer cache-miss
330 silly fetch manifest degenerator@^5.0.0
331 silly packumentCache full:https://registry.npmjs.org/degenerator cache-miss
332 silly fetch manifest netmask@^2.0.2
333 silly packumentCache full:https://registry.npmjs.org/netmask cache-miss
334 http fetch GET 200 https://registry.npmjs.org/data-uri-to-buffer 349ms (cache miss)
335 silly packumentCache full:https://registry.npmjs.org/data-uri-to-buffer set size:undefined disposed:false
336 http fetch GET 200 https://registry.npmjs.org/basic-ftp 371ms (cache miss)
337 silly packumentCache full:https://registry.npmjs.org/basic-ftp set size:undefined disposed:false
338 http fetch GET 200 https://registry.npmjs.org/netmask 647ms (cache miss)
339 silly packumentCache full:https://registry.npmjs.org/netmask set size:undefined disposed:false
340 http fetch GET 200 https://registry.npmjs.org/degenerator 700ms (cache miss)
341 silly packumentCache full:https://registry.npmjs.org/degenerator set size:undefined disposed:false
342 silly placeDep ROOT basic-ftp@5.1.0 OK for: get-uri@6.0.5 want: ^5.0.2
343 silly placeDep ROOT data-uri-to-buffer@6.0.2 OK for: get-uri@6.0.5 want: ^6.0.2
344 silly placeDep ROOT degenerator@5.0.1 OK for: pac-resolver@7.0.1 want: ^5.0.0
345 silly placeDep ROOT netmask@2.0.2 OK for: pac-resolver@7.0.1 want: ^2.0.2
346 silly fetch manifest ast-types@^0.13.4
347 silly packumentCache full:https://registry.npmjs.org/ast-types cache-miss
348 silly fetch manifest escodegen@^2.1.0
349 silly packumentCache full:https://registry.npmjs.org/escodegen cache-miss
350 silly fetch manifest esprima@^4.0.1
351 silly packumentCache full:https://registry.npmjs.org/esprima cache-miss
352 http fetch GET 200 https://registry.npmjs.org/esprima 353ms (cache miss)
353 silly packumentCache full:https://registry.npmjs.org/esprima set size:undefined disposed:false
354 http fetch GET 200 https://registry.npmjs.org/escodegen 356ms (cache miss)
355 silly packumentCache full:https://registry.npmjs.org/escodegen set size:undefined disposed:false
356 http fetch GET 200 https://registry.npmjs.org/ast-types 360ms (cache miss)
357 silly packumentCache full:https://registry.npmjs.org/ast-types set size:undefined disposed:false
358 silly placeDep ROOT ast-types@0.13.4 OK for: degenerator@5.0.1 want: ^0.13.4
359 silly placeDep ROOT escodegen@2.1.0 OK for: degenerator@5.0.1 want: ^2.1.0
360 silly placeDep ROOT esprima@4.0.1 OK for: degenerator@5.0.1 want: ^4.0.1
361 silly fetch manifest tslib@^2.0.1
362 silly packumentCache full:https://registry.npmjs.org/tslib cache-miss
363 silly fetch manifest estraverse@^5.2.0
364 silly packumentCache full:https://registry.npmjs.org/estraverse cache-miss
365 silly fetch manifest esutils@^2.0.2
366 silly packumentCache full:https://registry.npmjs.org/esutils cache-miss
367 silly fetch manifest source-map@~0.6.1
368 silly packumentCache full:https://registry.npmjs.org/source-map cache-miss
369 http fetch GET 200 https://registry.npmjs.org/estraverse 33ms (cache miss)
370 silly packumentCache full:https://registry.npmjs.org/estraverse set size:undefined disposed:false
371 http fetch GET 200 https://registry.npmjs.org/source-map 39ms (cache miss)
372 silly packumentCache full:https://registry.npmjs.org/source-map set size:undefined disposed:false
373 http fetch GET 200 https://registry.npmjs.org/tslib 43ms (cache miss)
374 silly packumentCache full:https://registry.npmjs.org/tslib set size:undefined disposed:false
375 http fetch GET 200 https://registry.npmjs.org/esutils 307ms (cache miss)
376 silly packumentCache full:https://registry.npmjs.org/esutils set size:undefined disposed:false
377 silly placeDep ROOT tslib@2.8.1 OK for: ast-types@0.13.4 want: ^2.0.1
378 silly placeDep ROOT estraverse@5.3.0 OK for: escodegen@2.1.0 want: ^5.2.0
379 silly placeDep ROOT esutils@2.0.3 OK for: escodegen@2.1.0 want: ^2.0.2
380 silly placeDep ROOT source-map@0.6.1 OK for: escodegen@2.1.0 want: ~0.6.1
381 silly placeDep ROOT end-of-stream@1.4.5 OK for: pump@3.0.3 want: ^1.1.0
382 silly placeDep ROOT once@1.4.0 OK for: pump@3.0.3 want: ^1.3.1
383 silly fetch manifest once@^1.4.0
384 silly packumentCache full:https://registry.npmjs.org/once cache-miss
385 silly fetch manifest wrappy@1
386 silly packumentCache full:https://registry.npmjs.org/wrappy cache-miss
387 http cache https://registry.npmjs.org/once 10ms (cache hit)
388 silly packumentCache full:https://registry.npmjs.org/once set size:11768 disposed:false
389 http fetch GET 200 https://registry.npmjs.org/wrappy 32ms (cache miss)
390 silly packumentCache full:https://registry.npmjs.org/wrappy set size:undefined disposed:false
391 silly placeDep ROOT wrappy@1.0.2 OK for: once@1.4.0 want: 1
392 silly fetch manifest bufferutil@^4.0.1
393 silly packumentCache full:https://registry.npmjs.org/bufferutil cache-miss
394 http fetch GET 200 https://registry.npmjs.org/bufferutil 45ms (cache miss)
395 silly packumentCache full:https://registry.npmjs.org/bufferutil set size:undefined disposed:false
396 silly fetch manifest utf-8-validate@>=5.0.2
397 silly packumentCache full:https://registry.npmjs.org/utf-8-validate cache-miss
398 http fetch GET 200 https://registry.npmjs.org/utf-8-validate 306ms (cache miss)
399 silly packumentCache full:https://registry.npmjs.org/utf-8-validate set size:undefined disposed:false
400 silly placeDep ROOT webdriver-bidi-protocol@0.3.10 OK for: puppeteer-core@24.34.0 want: 0.3.10
401 silly placeDep ROOT ws@8.19.0 OK for: puppeteer-core@24.34.0 want: ^8.18.3
402 silly placeDep ROOT socks@2.8.7 OK for: socks-proxy-agent@8.0.5 want: ^2.8.3
403 silly fetch manifest ip-address@^10.0.1
404 silly packumentCache full:https://registry.npmjs.org/ip-address cache-miss
405 silly fetch manifest smart-buffer@^4.2.0
406 silly packumentCache full:https://registry.npmjs.org/smart-buffer cache-miss
407 http fetch GET 200 https://registry.npmjs.org/ip-address 37ms (cache miss)
408 silly packumentCache full:https://registry.npmjs.org/ip-address set size:undefined disposed:false
409 http fetch GET 200 https://registry.npmjs.org/smart-buffer 289ms (cache miss)
410 silly packumentCache full:https://registry.npmjs.org/smart-buffer set size:undefined disposed:false
411 silly placeDep ROOT ip-address@10.1.0 OK for: socks@2.8.7 want: ^10.0.1
412 silly placeDep ROOT smart-buffer@4.2.0 OK for: socks@2.8.7 want: ^4.2.0
413 silly fetch manifest bare-buffer@*
414 silly packumentCache full:https://registry.npmjs.org/bare-buffer cache-miss
415 http fetch GET 200 https://registry.npmjs.org/bare-buffer 299ms (cache miss)
416 silly packumentCache full:https://registry.npmjs.org/bare-buffer set size:undefined disposed:false
417 silly placeDep ROOT bare-fs@4.5.2 OK for: tar-fs@3.1.1 want: ^4.0.1
418 silly placeDep ROOT bare-path@3.0.0 OK for: tar-fs@3.1.1 want: ^3.0.0
419 silly placeDep ROOT tar-stream@3.1.7 OK for: tar-fs@3.1.1 want: ^3.1.5
420 silly fetch manifest bare-events@^2.5.4
421 silly packumentCache full:https://registry.npmjs.org/bare-events cache-miss
422 silly fetch manifest bare-stream@^2.6.4
423 silly packumentCache full:https://registry.npmjs.org/bare-stream cache-miss
424 silly fetch manifest bare-url@^2.2.2
425 silly packumentCache full:https://registry.npmjs.org/bare-url cache-miss
426 silly fetch manifest fast-fifo@^1.3.2
427 silly packumentCache full:https://registry.npmjs.org/fast-fifo cache-miss
428 silly fetch manifest bare-os@^3.0.1
429 silly packumentCache full:https://registry.npmjs.org/bare-os cache-miss
430 silly fetch manifest b4a@^1.6.4
431 silly packumentCache full:https://registry.npmjs.org/b4a cache-miss
432 silly fetch manifest streamx@^2.15.0
433 silly packumentCache full:https://registry.npmjs.org/streamx cache-miss
434 http fetch GET 200 https://registry.npmjs.org/bare-stream 304ms (cache miss)
435 silly packumentCache full:https://registry.npmjs.org/bare-stream set size:undefined disposed:false
436 silly fetch manifest fast-fifo@^1.2.0
437 silly packumentCache full:https://registry.npmjs.org/fast-fifo cache-miss
438 http fetch GET 200 https://registry.npmjs.org/b4a 305ms (cache miss)
439 silly packumentCache full:https://registry.npmjs.org/b4a set size:undefined disposed:false
440 http fetch GET 200 https://registry.npmjs.org/bare-events 314ms (cache miss)
441 silly packumentCache full:https://registry.npmjs.org/bare-events set size:undefined disposed:false
442 http fetch GET 200 https://registry.npmjs.org/bare-url 315ms (cache miss)
443 silly packumentCache full:https://registry.npmjs.org/bare-url set size:undefined disposed:false
444 http fetch GET 200 https://registry.npmjs.org/bare-os 330ms (cache miss)
445 silly packumentCache full:https://registry.npmjs.org/bare-os set size:undefined disposed:false
446 http fetch GET 200 https://registry.npmjs.org/fast-fifo 332ms (cache miss)
447 silly packumentCache full:https://registry.npmjs.org/fast-fifo set size:undefined disposed:false
448 http fetch GET 200 https://registry.npmjs.org/fast-fifo 42ms (cache miss)
449 silly packumentCache full:https://registry.npmjs.org/fast-fifo set size:undefined disposed:false
450 http fetch GET 200 https://registry.npmjs.org/streamx 548ms (cache miss)
451 silly packumentCache full:https://registry.npmjs.org/streamx set size:undefined disposed:false
452 silly fetch manifest bare-abort-controller@*
453 silly packumentCache full:https://registry.npmjs.org/bare-abort-controller cache-miss
454 http fetch GET 200 https://registry.npmjs.org/bare-abort-controller 314ms (cache miss)
455 silly packumentCache full:https://registry.npmjs.org/bare-abort-controller set size:undefined disposed:false
456 silly placeDep ROOT bare-events@2.8.2 OK for: bare-fs@4.5.2 want: ^2.5.4
457 silly placeDep ROOT bare-stream@2.7.0 OK for: bare-fs@4.5.2 want: ^2.6.4
458 silly placeDep ROOT bare-url@2.3.2 OK for: bare-fs@4.5.2 want: ^2.2.2
459 silly placeDep ROOT fast-fifo@1.3.2 OK for: bare-fs@4.5.2 want: ^1.3.2
460 silly fetch manifest streamx@^2.21.0
461 silly packumentCache full:https://registry.npmjs.org/streamx cache-miss
462 http cache https://registry.npmjs.org/streamx 1ms (cache hit)
463 silly packumentCache full:https://registry.npmjs.org/streamx set size:156879 disposed:false
464 silly placeDep ROOT bare-os@3.6.2 OK for: bare-path@3.0.0 want: ^3.0.1
465 silly placeDep ROOT streamx@2.23.0 OK for: bare-stream@2.7.0 want: ^2.21.0
466 silly fetch manifest events-universal@^1.0.0
467 silly packumentCache full:https://registry.npmjs.org/events-universal cache-miss
468 silly fetch manifest text-decoder@^1.1.0
469 silly packumentCache full:https://registry.npmjs.org/text-decoder cache-miss
470 http fetch GET 200 https://registry.npmjs.org/events-universal 517ms (cache miss)
471 silly packumentCache full:https://registry.npmjs.org/events-universal set size:undefined disposed:false
472 http fetch GET 200 https://registry.npmjs.org/text-decoder 533ms (cache miss)
473 silly packumentCache full:https://registry.npmjs.org/text-decoder set size:undefined disposed:false
474 silly placeDep ROOT events-universal@1.0.1 OK for: streamx@2.23.0 want: ^1.0.0
475 silly placeDep ROOT text-decoder@1.2.3 OK for: streamx@2.23.0 want: ^1.1.0
476 silly fetch manifest react-native-b4a@*
477 silly packumentCache full:https://registry.npmjs.org/react-native-b4a cache-miss
478 http fetch GET 200 https://registry.npmjs.org/react-native-b4a 334ms (cache miss)
479 silly packumentCache full:https://registry.npmjs.org/react-native-b4a set size:undefined disposed:false
480 silly fetch manifest react@*
481 silly packumentCache full:https://registry.npmjs.org/react cache-miss
482 http fetch GET 200 https://registry.npmjs.org/react 368ms (cache miss)
483 silly packumentCache full:https://registry.npmjs.org/react set size:undefined disposed:false
484 silly fetch manifest react-native@*
485 silly packumentCache full:https://registry.npmjs.org/react-native cache-miss
486 http fetch GET 200 https://registry.npmjs.org/react-native 326ms (cache miss)
487 silly packumentCache full:https://registry.npmjs.org/react-native set size:undefined disposed:false
488 silly fetch manifest @types/react@^19.1.1
489 silly packumentCache full:https://registry.npmjs.org/@types%2freact cache-miss
490 http fetch GET 200 https://registry.npmjs.org/@types%2freact 603ms (cache miss)
491 silly packumentCache full:https://registry.npmjs.org/@types%2freact set size:undefined disposed:false
492 silly placeDep ROOT b4a@1.7.3 OK for: tar-stream@3.1.7 want: ^1.6.4
493 silly placeDep ROOT cliui@8.0.1 OK for: yargs@17.7.2 want: ^8.0.1
494 silly placeDep ROOT escalade@3.2.0 OK for: yargs@17.7.2 want: ^3.1.1
495 silly placeDep ROOT get-caller-file@2.0.5 OK for: yargs@17.7.2 want: ^2.0.5
496 silly placeDep ROOT require-directory@2.1.1 OK for: yargs@17.7.2 want: ^2.1.1
497 silly placeDep ROOT string-width@4.2.3 OK for: yargs@17.7.2 want: ^4.2.3
498 silly placeDep ROOT y18n@5.0.8 OK for: yargs@17.7.2 want: ^5.0.5
499 silly placeDep ROOT yargs-parser@21.1.1 OK for: yargs@17.7.2 want: ^21.1.1
500 silly fetch manifest wrap-ansi@^7.0.0
501 silly packumentCache full:https://registry.npmjs.org/wrap-ansi cache-miss
502 silly fetch manifest strip-ansi@^6.0.1
503 silly packumentCache full:https://registry.npmjs.org/strip-ansi cache-miss
504 silly fetch manifest string-width@^4.2.0
505 silly packumentCache full:https://registry.npmjs.org/string-width cache-miss
506 silly fetch manifest strip-ansi@^6.0.1
507 silly packumentCache full:https://registry.npmjs.org/strip-ansi cache-miss
508 silly fetch manifest emoji-regex@^8.0.0
509 silly packumentCache full:https://registry.npmjs.org/emoji-regex cache-miss
510 silly fetch manifest is-fullwidth-code-point@^3.0.0
511 silly packumentCache full:https://registry.npmjs.org/is-fullwidth-code-point cache-miss
512 http cache https://registry.npmjs.org/string-width 3ms (cache hit)
513 silly packumentCache full:https://registry.npmjs.org/string-width set size:64158 disposed:false
514 http fetch GET 200 https://registry.npmjs.org/strip-ansi 36ms (cache miss)
515 silly packumentCache full:https://registry.npmjs.org/strip-ansi set size:undefined disposed:false
516 http fetch GET 200 https://registry.npmjs.org/wrap-ansi 37ms (cache miss)
517 silly packumentCache full:https://registry.npmjs.org/wrap-ansi set size:undefined disposed:false
518 http fetch GET 200 https://registry.npmjs.org/is-fullwidth-code-point 37ms (cache miss)
519 silly packumentCache full:https://registry.npmjs.org/is-fullwidth-code-point set size:undefined disposed:false
520 http fetch GET 200 https://registry.npmjs.org/strip-ansi 63ms (cache miss)
521 silly packumentCache full:https://registry.npmjs.org/strip-ansi set size:undefined disposed:false
522 http fetch GET 200 https://registry.npmjs.org/emoji-regex 351ms (cache miss)
523 silly packumentCache full:https://registry.npmjs.org/emoji-regex set size:undefined disposed:false
524 silly placeDep ROOT strip-ansi@6.0.1 OK for: cliui@8.0.1 want: ^6.0.1
525 silly placeDep ROOT wrap-ansi@7.0.0 OK for: cliui@8.0.1 want: ^7.0.0
526 silly fetch manifest ansi-regex@^5.0.1
527 silly packumentCache full:https://registry.npmjs.org/ansi-regex cache-miss
528 silly fetch manifest ansi-styles@^4.0.0
529 silly packumentCache full:https://registry.npmjs.org/ansi-styles cache-miss
530 http fetch GET 200 https://registry.npmjs.org/ansi-regex 61ms (cache miss)
531 silly packumentCache full:https://registry.npmjs.org/ansi-regex set size:undefined disposed:false
532 http fetch GET 200 https://registry.npmjs.org/ansi-styles 71ms (cache miss)
533 silly packumentCache full:https://registry.npmjs.org/ansi-styles set size:undefined disposed:false
534 silly placeDep ROOT emoji-regex@8.0.0 OK for: string-width@4.2.3 want: ^8.0.0
535 silly placeDep ROOT is-fullwidth-code-point@3.0.0 OK for: string-width@4.2.3 want: ^3.0.0
536 silly placeDep ROOT ansi-regex@5.0.1 OK for: strip-ansi@6.0.1 want: ^5.0.1
537 silly placeDep ROOT ansi-styles@4.3.0 OK for: wrap-ansi@7.0.0 want: ^4.0.0
538 silly fetch manifest color-convert@^2.0.1
539 silly packumentCache full:https://registry.npmjs.org/color-convert cache-miss
540 http fetch GET 200 https://registry.npmjs.org/color-convert 317ms (cache miss)
541 silly packumentCache full:https://registry.npmjs.org/color-convert set size:undefined disposed:false
542 silly placeDep ROOT color-convert@2.0.1 OK for: ansi-styles@4.3.0 want: ^2.0.1
543 silly fetch manifest color-name@~1.1.4
544 silly packumentCache full:https://registry.npmjs.org/color-name cache-miss
545 http fetch GET 200 https://registry.npmjs.org/color-name 38ms (cache miss)
546 silly packumentCache full:https://registry.npmjs.org/color-name set size:undefined disposed:false
547 silly placeDep ROOT color-name@1.1.4 OK for: color-convert@2.0.1 want: ~1.1.4
548 silly placeDep ROOT buffer-crc32@0.2.13 OK for: yauzl@2.10.0 want: ~0.2.3
549 silly placeDep ROOT fd-slicer@1.1.0 OK for: yauzl@2.10.0 want: ~1.1.0
550 silly fetch manifest pend@~1.2.0
551 silly packumentCache full:https://registry.npmjs.org/pend cache-miss
552 http fetch GET 200 https://registry.npmjs.org/pend 570ms (cache miss)
553 silly packumentCache full:https://registry.npmjs.org/pend set size:undefined disposed:false
554 silly placeDep ROOT pend@1.2.0 OK for: fd-slicer@1.1.0 want: ~1.2.0
555 silly reify moves {}
556 silly audit bulk request {
556 silly audit   asynckit: [ '0.4.0' ],
556 silly audit   axios: [ '1.13.2' ],
556 silly audit   boolbase: [ '1.0.0' ],
556 silly audit   'call-bind-apply-helpers': [ '1.0.2' ],
556 silly audit   cheerio: [ '1.1.2' ],
556 silly audit   'cheerio-select': [ '2.1.0' ],
556 silly audit   'combined-stream': [ '1.0.8' ],
556 silly audit   'css-select': [ '5.2.2' ],
556 silly audit   'css-what': [ '6.2.2' ],
556 silly audit   'delayed-stream': [ '1.0.0' ],
556 silly audit   'dom-serializer': [ '2.0.0' ],
556 silly audit   domelementtype: [ '2.3.0' ],
556 silly audit   domhandler: [ '5.0.3' ],
556 silly audit   domutils: [ '3.2.2' ],
556 silly audit   'dunder-proto': [ '1.0.1' ],
556 silly audit   'encoding-sniffer': [ '0.2.1' ],
556 silly audit   entities: [ '4.5.0', '6.0.1' ],
556 silly audit   'es-define-property': [ '1.0.1' ],
556 silly audit   'es-errors': [ '1.3.0' ],
556 silly audit   'es-object-atoms': [ '1.1.1' ],
556 silly audit   'es-set-tostringtag': [ '2.1.0' ],
556 silly audit   'follow-redirects': [ '1.15.11' ],
556 silly audit   'form-data': [ '4.0.5' ],
556 silly audit   'function-bind': [ '1.1.2' ],
556 silly audit   'get-intrinsic': [ '1.3.0' ],
556 silly audit   'get-proto': [ '1.0.1' ],
556 silly audit   gopd: [ '1.2.0' ],
556 silly audit   'has-symbols': [ '1.1.0' ],
556 silly audit   'has-tostringtag': [ '1.0.2' ],
556 silly audit   hasown: [ '2.0.2' ],
556 silly audit   htmlparser2: [ '10.0.0' ],
556 silly audit   'iconv-lite': [ '0.6.3' ],
556 silly audit   'math-intrinsics': [ '1.1.0' ],
556 silly audit   'mime-db': [ '1.52.0' ],
556 silly audit   'mime-types': [ '2.1.35' ],
556 silly audit   'nth-check': [ '2.1.1' ],
556 silly audit   parse5: [ '7.3.0' ],
556 silly audit   'parse5-htmlparser2-tree-adapter': [ '7.1.0' ],
556 silly audit   'parse5-parser-stream': [ '7.1.2' ],
556 silly audit   'proxy-from-env': [ '1.1.0' ],
556 silly audit   'safer-buffer': [ '2.1.2' ],
556 silly audit   undici: [ '7.18.2' ],
556 silly audit   'whatwg-encoding': [ '3.1.1' ],
556 silly audit   'whatwg-mimetype': [ '4.0.0' ],
556 silly audit   puppeteer: [ '24.34.0' ],
556 silly audit   '@puppeteer/browsers': [ '2.11.0' ],
556 silly audit   'chromium-bidi': [ '12.0.1' ],
556 silly audit   'devtools-protocol': [ '0.0.1534754' ],
556 silly audit   cosmiconfig: [ '9.0.0' ],
556 silly audit   'puppeteer-core': [ '24.34.0' ],
556 silly audit   'typed-query-selector': [ '2.12.0' ],
556 silly audit   debug: [ '4.4.3' ],
556 silly audit   'extract-zip': [ '2.0.1' ],
556 silly audit   progress: [ '2.0.3' ],
556 silly audit   'proxy-agent': [ '6.5.0' ],
556 silly audit   semver: [ '7.7.3' ],
556 silly audit   'tar-fs': [ '3.1.1' ],
556 silly audit   yargs: [ '17.7.2' ],
556 silly audit   mitt: [ '3.0.1' ],
556 silly audit   zod: [ '3.25.76' ],
556 silly audit   'env-paths': [ '2.2.1' ],
556 silly audit   'import-fresh': [ '3.3.1' ],
556 silly audit   'js-yaml': [ '4.1.1' ],
556 silly audit   'parse-json': [ '5.2.0' ],
556 silly audit   ms: [ '2.1.3' ],
556 silly audit   '@types/yauzl': [ '2.10.3' ],
556 silly audit   'get-stream': [ '5.2.0' ],
556 silly audit   yauzl: [ '2.10.0' ],
556 silly audit   '@types/node': [ '25.0.3' ],
556 silly audit   'undici-types': [ '7.16.0' ],
556 silly audit   pump: [ '3.0.3' ],
556 silly audit   'parent-module': [ '1.0.1' ],
556 silly audit   'resolve-from': [ '4.0.0' ],
556 silly audit   argparse: [ '2.0.1' ],
556 silly audit   callsites: [ '3.1.0' ],
556 silly audit   '@babel/code-frame': [ '7.27.1' ],
556 silly audit   'error-ex': [ '1.3.4' ],
556 silly audit   'json-parse-even-better-errors': [ '2.3.1' ],
556 silly audit   'lines-and-columns': [ '1.2.4' ],
556 silly audit   '@babel/helper-validator-identifier': [ '7.28.5' ],
556 silly audit   'js-tokens': [ '4.0.0' ],
556 silly audit   picocolors: [ '1.1.1' ],
556 silly audit   'is-arrayish': [ '0.2.1' ],
556 silly audit   'agent-base': [ '7.1.4' ],
556 silly audit   'http-proxy-agent': [ '7.0.2' ],
556 silly audit   'https-proxy-agent': [ '7.0.6' ],
556 silly audit   'lru-cache': [ '7.18.3' ],
556 silly audit   'pac-proxy-agent': [ '7.2.0' ],
556 silly audit   'socks-proxy-agent': [ '8.0.5' ],
556 silly audit   '@tootallnate/quickjs-emscripten': [ '0.23.0' ],
556 silly audit   'get-uri': [ '6.0.5' ],
556 silly audit   'pac-resolver': [ '7.0.1' ],
556 silly audit   'basic-ftp': [ '5.1.0' ],
556 silly audit   'data-uri-to-buffer': [ '6.0.2' ],
556 silly audit   degenerator: [ '5.0.1' ],
556 silly audit   netmask: [ '2.0.2' ],
556 silly audit   'ast-types': [ '0.13.4' ],
556 silly audit   escodegen: [ '2.1.0' ],
556 silly audit   esprima: [ '4.0.1' ],
556 silly audit   tslib: [ '2.8.1' ],
556 silly audit   estraverse: [ '5.3.0' ],
556 silly audit   esutils: [ '2.0.3' ],
556 silly audit   'source-map': [ '0.6.1' ],
556 silly audit   'end-of-stream': [ '1.4.5' ],
556 silly audit   once: [ '1.4.0' ],
556 silly audit   wrappy: [ '1.0.2' ],
556 silly audit   'webdriver-bidi-protocol': [ '0.3.10' ],
556 silly audit   ws: [ '8.19.0' ],
556 silly audit   socks: [ '2.8.7' ],
556 silly audit   'ip-address': [ '10.1.0' ],
556 silly audit   'smart-buffer': [ '4.2.0' ],
556 silly audit   'bare-fs': [ '4.5.2' ],
556 silly audit   'bare-path': [ '3.0.0' ],
556 silly audit   'tar-stream': [ '3.1.7' ],
556 silly audit   'bare-events': [ '2.8.2' ],
556 silly audit   'bare-stream': [ '2.7.0' ],
556 silly audit   'bare-url': [ '2.3.2' ],
556 silly audit   'fast-fifo': [ '1.3.2' ],
556 silly audit   'bare-os': [ '3.6.2' ],
556 silly audit   streamx: [ '2.23.0' ],
556 silly audit   'events-universal': [ '1.0.1' ],
556 silly audit   'text-decoder': [ '1.2.3' ],
556 silly audit   b4a: [ '1.7.3' ],
556 silly audit   cliui: [ '8.0.1' ],
556 silly audit   escalade: [ '3.2.0' ],
556 silly audit   'get-caller-file': [ '2.0.5' ],
556 silly audit   'require-directory': [ '2.1.1' ],
556 silly audit   'string-width': [ '4.2.3' ],
556 silly audit   y18n: [ '5.0.8' ],
556 silly audit   'yargs-parser': [ '21.1.1' ],
556 silly audit   'strip-ansi': [ '6.0.1' ],
556 silly audit   'wrap-ansi': [ '7.0.0' ],
556 silly audit   'emoji-regex': [ '8.0.0' ],
556 silly audit   'is-fullwidth-code-point': [ '3.0.0' ],
556 silly audit   'ansi-regex': [ '5.0.1' ],
556 silly audit   'ansi-styles': [ '4.3.0' ],
556 silly audit   'color-convert': [ '2.0.1' ],
556 silly audit   'color-name': [ '1.1.4' ],
556 silly audit   'buffer-crc32': [ '0.2.13' ],
556 silly audit   'fd-slicer': [ '1.1.0' ],
556 silly audit   pend: [ '1.2.0' ]
556 silly audit }
557 http cache pend@https://registry.npmjs.org/pend/-/pend-1.2.0.tgz 0ms (cache hit)
558 http cache buffer-crc32@https://registry.npmjs.org/buffer-crc32/-/buffer-crc32-0.2.13.tgz 0ms (cache hit)
559 http cache fd-slicer@https://registry.npmjs.org/fd-slicer/-/fd-slicer-1.1.0.tgz 0ms (cache hit)
560 http cache color-name@https://registry.npmjs.org/color-name/-/color-name-1.1.4.tgz 0ms (cache hit)
561 http cache ansi-styles@https://registry.npmjs.org/ansi-styles/-/ansi-styles-4.3.0.tgz 0ms (cache hit)
562 http cache color-convert@https://registry.npmjs.org/color-convert/-/color-convert-2.0.1.tgz 0ms (cache hit)
563 http cache ansi-regex@https://registry.npmjs.org/ansi-regex/-/ansi-regex-5.0.1.tgz 0ms (cache hit)
564 http cache is-fullwidth-code-point@https://registry.npmjs.org/is-fullwidth-code-point/-/is-fullwidth-code-point-3.0.0.tgz 0ms (cache hit)
565 http cache emoji-regex@https://registry.npmjs.org/emoji-regex/-/emoji-regex-8.0.0.tgz 0ms (cache hit)
566 http cache wrap-ansi@https://registry.npmjs.org/wrap-ansi/-/wrap-ansi-7.0.0.tgz 0ms (cache hit)
567 http cache strip-ansi@https://registry.npmjs.org/strip-ansi/-/strip-ansi-6.0.1.tgz 0ms (cache hit)
568 http cache yargs-parser@https://registry.npmjs.org/yargs-parser/-/yargs-parser-21.1.1.tgz 0ms (cache hit)
569 http cache y18n@https://registry.npmjs.org/y18n/-/y18n-5.0.8.tgz 0ms (cache hit)
570 http cache string-width@https://registry.npmjs.org/string-width/-/string-width-4.2.3.tgz 0ms (cache hit)
571 http cache require-directory@https://registry.npmjs.org/require-directory/-/require-directory-2.1.1.tgz 0ms (cache hit)
572 http cache get-caller-file@https://registry.npmjs.org/get-caller-file/-/get-caller-file-2.0.5.tgz 0ms (cache hit)
573 http cache escalade@https://registry.npmjs.org/escalade/-/escalade-3.2.0.tgz 0ms (cache hit)
574 http cache cliui@https://registry.npmjs.org/cliui/-/cliui-8.0.1.tgz 0ms (cache hit)
575 http cache b4a@https://registry.npmjs.org/b4a/-/b4a-1.7.3.tgz 0ms (cache hit)
576 http cache text-decoder@https://registry.npmjs.org/text-decoder/-/text-decoder-1.2.3.tgz 0ms (cache hit)
577 http cache events-universal@https://registry.npmjs.org/events-universal/-/events-universal-1.0.1.tgz 0ms (cache hit)
578 http cache streamx@https://registry.npmjs.org/streamx/-/streamx-2.23.0.tgz 0ms (cache hit)
579 http cache bare-os@https://registry.npmjs.org/bare-os/-/bare-os-3.6.2.tgz 0ms (cache hit)
580 http cache fast-fifo@https://registry.npmjs.org/fast-fifo/-/fast-fifo-1.3.2.tgz 0ms (cache hit)
581 http cache bare-url@https://registry.npmjs.org/bare-url/-/bare-url-2.3.2.tgz 0ms (cache hit)
582 http cache bare-stream@https://registry.npmjs.org/bare-stream/-/bare-stream-2.7.0.tgz 0ms (cache hit)
583 http cache tar-stream@https://registry.npmjs.org/tar-stream/-/tar-stream-3.1.7.tgz 0ms (cache hit)
584 http cache bare-path@https://registry.npmjs.org/bare-path/-/bare-path-3.0.0.tgz 0ms (cache hit)
585 http cache bare-fs@https://registry.npmjs.org/bare-fs/-/bare-fs-4.5.2.tgz 0ms (cache hit)
586 http cache smart-buffer@https://registry.npmjs.org/smart-buffer/-/smart-buffer-4.2.0.tgz 0ms (cache hit)
587 http cache ip-address@https://registry.npmjs.org/ip-address/-/ip-address-10.1.0.tgz 0ms (cache hit)
588 http cache socks@https://registry.npmjs.org/socks/-/socks-2.8.7.tgz 0ms (cache hit)
589 http cache ws@https://registry.npmjs.org/ws/-/ws-8.19.0.tgz 0ms (cache hit)
590 http cache webdriver-bidi-protocol@https://registry.npmjs.org/webdriver-bidi-protocol/-/webdriver-bidi-protocol-0.3.10.tgz 0ms (cache hit)
591 http cache wrappy@https://registry.npmjs.org/wrappy/-/wrappy-1.0.2.tgz 0ms (cache hit)
592 http cache once@https://registry.npmjs.org/once/-/once-1.4.0.tgz 0ms (cache hit)
593 http cache end-of-stream@https://registry.npmjs.org/end-of-stream/-/end-of-stream-1.4.5.tgz 0ms (cache hit)
594 http cache source-map@https://registry.npmjs.org/source-map/-/source-map-0.6.1.tgz 0ms (cache hit)
595 http cache esutils@https://registry.npmjs.org/esutils/-/esutils-2.0.3.tgz 0ms (cache hit)
596 http cache estraverse@https://registry.npmjs.org/estraverse/-/estraverse-5.3.0.tgz 0ms (cache hit)
597 http cache tslib@https://registry.npmjs.org/tslib/-/tslib-2.8.1.tgz 0ms (cache hit)
598 http cache esprima@https://registry.npmjs.org/esprima/-/esprima-4.0.1.tgz 0ms (cache hit)
599 http cache escodegen@https://registry.npmjs.org/escodegen/-/escodegen-2.1.0.tgz 0ms (cache hit)
600 http cache ast-types@https://registry.npmjs.org/ast-types/-/ast-types-0.13.4.tgz 0ms (cache hit)
601 http cache netmask@https://registry.npmjs.org/netmask/-/netmask-2.0.2.tgz 0ms (cache hit)
602 http cache degenerator@https://registry.npmjs.org/degenerator/-/degenerator-5.0.1.tgz 0ms (cache hit)
603 http cache data-uri-to-buffer@https://registry.npmjs.org/data-uri-to-buffer/-/data-uri-to-buffer-6.0.2.tgz 0ms (cache hit)
604 http cache basic-ftp@https://registry.npmjs.org/basic-ftp/-/basic-ftp-5.1.0.tgz 0ms (cache hit)
605 http cache pac-resolver@https://registry.npmjs.org/pac-resolver/-/pac-resolver-7.0.1.tgz 0ms (cache hit)
606 http cache get-uri@https://registry.npmjs.org/get-uri/-/get-uri-6.0.5.tgz 0ms (cache hit)
607 http cache @tootallnate/quickjs-emscripten@https://registry.npmjs.org/@tootallnate/quickjs-emscripten/-/quickjs-emscripten-0.23.0.tgz 0ms (cache hit)
608 http cache socks-proxy-agent@https://registry.npmjs.org/socks-proxy-agent/-/socks-proxy-agent-8.0.5.tgz 0ms (cache hit)
609 http cache pac-proxy-agent@https://registry.npmjs.org/pac-proxy-agent/-/pac-proxy-agent-7.2.0.tgz 0ms (cache hit)
610 http cache lru-cache@https://registry.npmjs.org/lru-cache/-/lru-cache-7.18.3.tgz 0ms (cache hit)
611 http cache https-proxy-agent@https://registry.npmjs.org/https-proxy-agent/-/https-proxy-agent-7.0.6.tgz 0ms (cache hit)
612 http cache http-proxy-agent@https://registry.npmjs.org/http-proxy-agent/-/http-proxy-agent-7.0.2.tgz 0ms (cache hit)
613 http cache agent-base@https://registry.npmjs.org/agent-base/-/agent-base-7.1.4.tgz 0ms (cache hit)
614 http cache is-arrayish@https://registry.npmjs.org/is-arrayish/-/is-arrayish-0.2.1.tgz 0ms (cache hit)
615 http cache js-tokens@https://registry.npmjs.org/js-tokens/-/js-tokens-4.0.0.tgz 0ms (cache hit)
616 http cache picocolors@https://registry.npmjs.org/picocolors/-/picocolors-1.1.1.tgz 0ms (cache hit)
617 http cache @babel/helper-validator-identifier@https://registry.npmjs.org/@babel/helper-validator-identifier/-/helper-validator-identifier-7.28.5.tgz 0ms (cache hit)
618 http cache lines-and-columns@https://registry.npmjs.org/lines-and-columns/-/lines-and-columns-1.2.4.tgz 0ms (cache hit)
619 http cache json-parse-even-better-errors@https://registry.npmjs.org/json-parse-even-better-errors/-/json-parse-even-better-errors-2.3.1.tgz 0ms (cache hit)
620 http cache @babel/code-frame@https://registry.npmjs.org/@babel/code-frame/-/code-frame-7.27.1.tgz 0ms (cache hit)
621 http cache callsites@https://registry.npmjs.org/callsites/-/callsites-3.1.0.tgz 0ms (cache hit)
622 http cache error-ex@https://registry.npmjs.org/error-ex/-/error-ex-1.3.4.tgz 0ms (cache hit)
623 http cache argparse@https://registry.npmjs.org/argparse/-/argparse-2.0.1.tgz 0ms (cache hit)
624 http cache resolve-from@https://registry.npmjs.org/resolve-from/-/resolve-from-4.0.0.tgz 0ms (cache hit)
625 http cache parent-module@https://registry.npmjs.org/parent-module/-/parent-module-1.0.1.tgz 0ms (cache hit)
626 http cache pump@https://registry.npmjs.org/pump/-/pump-3.0.3.tgz 0ms (cache hit)
627 http cache undici-types@https://registry.npmjs.org/undici-types/-/undici-types-7.16.0.tgz 0ms (cache hit)
628 http cache @types/node@https://registry.npmjs.org/@types/node/-/node-25.0.3.tgz 0ms (cache hit)
629 http cache yauzl@https://registry.npmjs.org/yauzl/-/yauzl-2.10.0.tgz 0ms (cache hit)
630 http cache get-stream@https://registry.npmjs.org/get-stream/-/get-stream-5.2.0.tgz 0ms (cache hit)
631 http cache @types/yauzl@https://registry.npmjs.org/@types/yauzl/-/yauzl-2.10.3.tgz 0ms (cache hit)
632 http cache ms@https://registry.npmjs.org/ms/-/ms-2.1.3.tgz 0ms (cache hit)
633 http cache import-fresh@https://registry.npmjs.org/import-fresh/-/import-fresh-3.3.1.tgz 0ms (cache hit)
634 http cache parse-json@https://registry.npmjs.org/parse-json/-/parse-json-5.2.0.tgz 0ms (cache hit)
635 http cache js-yaml@https://registry.npmjs.org/js-yaml/-/js-yaml-4.1.1.tgz 0ms (cache hit)
636 http cache env-paths@https://registry.npmjs.org/env-paths/-/env-paths-2.2.1.tgz 0ms (cache hit)
637 http cache zod@https://registry.npmjs.org/zod/-/zod-3.25.76.tgz 0ms (cache hit)
638 http cache mitt@https://registry.npmjs.org/mitt/-/mitt-3.0.1.tgz 0ms (cache hit)
639 http cache yargs@https://registry.npmjs.org/yargs/-/yargs-17.7.2.tgz 0ms (cache hit)
640 http cache tar-fs@https://registry.npmjs.org/tar-fs/-/tar-fs-3.1.1.tgz 0ms (cache hit)
641 http cache semver@https://registry.npmjs.org/semver/-/semver-7.7.3.tgz 0ms (cache hit)
642 http cache proxy-agent@https://registry.npmjs.org/proxy-agent/-/proxy-agent-6.5.0.tgz 0ms (cache hit)
643 http cache progress@https://registry.npmjs.org/progress/-/progress-2.0.3.tgz 0ms (cache hit)
644 http cache extract-zip@https://registry.npmjs.org/extract-zip/-/extract-zip-2.0.1.tgz 0ms (cache hit)
645 http cache debug@https://registry.npmjs.org/debug/-/debug-4.4.3.tgz 0ms (cache hit)
646 http cache typed-query-selector@https://registry.npmjs.org/typed-query-selector/-/typed-query-selector-2.12.0.tgz 0ms (cache hit)
647 http cache cosmiconfig@https://registry.npmjs.org/cosmiconfig/-/cosmiconfig-9.0.0.tgz 0ms (cache hit)
648 http cache puppeteer-core@https://registry.npmjs.org/puppeteer-core/-/puppeteer-core-24.34.0.tgz 0ms (cache hit)
649 http cache devtools-protocol@https://registry.npmjs.org/devtools-protocol/-/devtools-protocol-0.0.1534754.tgz 0ms (cache hit)
650 http cache bare-events@https://registry.npmjs.org/bare-events/-/bare-events-2.8.2.tgz 0ms (cache hit)
651 http cache chromium-bidi@https://registry.npmjs.org/chromium-bidi/-/chromium-bidi-12.0.1.tgz 0ms (cache hit)
652 http cache puppeteer@https://registry.npmjs.org/puppeteer/-/puppeteer-24.34.0.tgz 0ms (cache hit)
653 http cache @puppeteer/browsers@https://registry.npmjs.org/@puppeteer/browsers/-/browsers-2.11.0.tgz 0ms (cache hit)
654 silly tarball no local data for pend@https://registry.npmjs.org/pend/-/pend-1.2.0.tgz. Extracting by manifest.
655 silly tarball no local data for fd-slicer@https://registry.npmjs.org/fd-slicer/-/fd-slicer-1.1.0.tgz. Extracting by manifest.
656 silly tarball no local data for buffer-crc32@https://registry.npmjs.org/buffer-crc32/-/buffer-crc32-0.2.13.tgz. Extracting by manifest.
657 silly tarball no local data for color-name@https://registry.npmjs.org/color-name/-/color-name-1.1.4.tgz. Extracting by manifest.
658 silly tarball no local data for ansi-styles@https://registry.npmjs.org/ansi-styles/-/ansi-styles-4.3.0.tgz. Extracting by manifest.
659 silly tarball no local data for color-convert@https://registry.npmjs.org/color-convert/-/color-convert-2.0.1.tgz. Extracting by manifest.
660 silly tarball no local data for ansi-regex@https://registry.npmjs.org/ansi-regex/-/ansi-regex-5.0.1.tgz. Extracting by manifest.
661 silly tarball no local data for is-fullwidth-code-point@https://registry.npmjs.org/is-fullwidth-code-point/-/is-fullwidth-code-point-3.0.0.tgz. Extracting by manifest.
662 silly tarball no local data for emoji-regex@https://registry.npmjs.org/emoji-regex/-/emoji-regex-8.0.0.tgz. Extracting by manifest.
663 silly tarball no local data for wrap-ansi@https://registry.npmjs.org/wrap-ansi/-/wrap-ansi-7.0.0.tgz. Extracting by manifest.
664 silly tarball no local data for strip-ansi@https://registry.npmjs.org/strip-ansi/-/strip-ansi-6.0.1.tgz. Extracting by manifest.
665 silly tarball no local data for yargs-parser@https://registry.npmjs.org/yargs-parser/-/yargs-parser-21.1.1.tgz. Extracting by manifest.
666 silly tarball no local data for string-width@https://registry.npmjs.org/string-width/-/string-width-4.2.3.tgz. Extracting by manifest.
667 silly tarball no local data for require-directory@https://registry.npmjs.org/require-directory/-/require-directory-2.1.1.tgz. Extracting by manifest.
668 silly tarball no local data for y18n@https://registry.npmjs.org/y18n/-/y18n-5.0.8.tgz. Extracting by manifest.
669 silly tarball no local data for get-caller-file@https://registry.npmjs.org/get-caller-file/-/get-caller-file-2.0.5.tgz. Extracting by manifest.
670 silly tarball no local data for escalade@https://registry.npmjs.org/escalade/-/escalade-3.2.0.tgz. Extracting by manifest.
671 silly tarball no local data for cliui@https://registry.npmjs.org/cliui/-/cliui-8.0.1.tgz. Extracting by manifest.
672 silly tarball no local data for b4a@https://registry.npmjs.org/b4a/-/b4a-1.7.3.tgz. Extracting by manifest.
673 silly tarball no local data for text-decoder@https://registry.npmjs.org/text-decoder/-/text-decoder-1.2.3.tgz. Extracting by manifest.
674 silly tarball no local data for events-universal@https://registry.npmjs.org/events-universal/-/events-universal-1.0.1.tgz. Extracting by manifest.
675 silly tarball no local data for streamx@https://registry.npmjs.org/streamx/-/streamx-2.23.0.tgz. Extracting by manifest.
676 silly tarball no local data for bare-os@https://registry.npmjs.org/bare-os/-/bare-os-3.6.2.tgz. Extracting by manifest.
677 silly tarball no local data for fast-fifo@https://registry.npmjs.org/fast-fifo/-/fast-fifo-1.3.2.tgz. Extracting by manifest.
678 silly tarball no local data for bare-url@https://registry.npmjs.org/bare-url/-/bare-url-2.3.2.tgz. Extracting by manifest.
679 silly tarball no local data for bare-stream@https://registry.npmjs.org/bare-stream/-/bare-stream-2.7.0.tgz. Extracting by manifest.
680 silly tarball no local data for tar-stream@https://registry.npmjs.org/tar-stream/-/tar-stream-3.1.7.tgz. Extracting by manifest.
681 silly tarball no local data for bare-path@https://registry.npmjs.org/bare-path/-/bare-path-3.0.0.tgz. Extracting by manifest.
682 silly tarball no local data for bare-fs@https://registry.npmjs.org/bare-fs/-/bare-fs-4.5.2.tgz. Extracting by manifest.
683 silly tarball no local data for smart-buffer@https://registry.npmjs.org/smart-buffer/-/smart-buffer-4.2.0.tgz. Extracting by manifest.
684 silly tarball no local data for ip-address@https://registry.npmjs.org/ip-address/-/ip-address-10.1.0.tgz. Extracting by manifest.
685 silly tarball no local data for socks@https://registry.npmjs.org/socks/-/socks-2.8.7.tgz. Extracting by manifest.
686 silly tarball no local data for ws@https://registry.npmjs.org/ws/-/ws-8.19.0.tgz. Extracting by manifest.
687 silly tarball no local data for webdriver-bidi-protocol@https://registry.npmjs.org/webdriver-bidi-protocol/-/webdriver-bidi-protocol-0.3.10.tgz. Extracting by manifest.
688 silly tarball no local data for wrappy@https://registry.npmjs.org/wrappy/-/wrappy-1.0.2.tgz. Extracting by manifest.
689 silly tarball no local data for once@https://registry.npmjs.org/once/-/once-1.4.0.tgz. Extracting by manifest.
690 silly tarball no local data for end-of-stream@https://registry.npmjs.org/end-of-stream/-/end-of-stream-1.4.5.tgz. Extracting by manifest.
691 silly tarball no local data for source-map@https://registry.npmjs.org/source-map/-/source-map-0.6.1.tgz. Extracting by manifest.
692 silly tarball no local data for esutils@https://registry.npmjs.org/esutils/-/esutils-2.0.3.tgz. Extracting by manifest.
693 silly tarball no local data for estraverse@https://registry.npmjs.org/estraverse/-/estraverse-5.3.0.tgz. Extracting by manifest.
694 silly tarball no local data for tslib@https://registry.npmjs.org/tslib/-/tslib-2.8.1.tgz. Extracting by manifest.
695 silly tarball no local data for esprima@https://registry.npmjs.org/esprima/-/esprima-4.0.1.tgz. Extracting by manifest.
696 silly tarball no local data for escodegen@https://registry.npmjs.org/escodegen/-/escodegen-2.1.0.tgz. Extracting by manifest.
697 silly tarball no local data for ast-types@https://registry.npmjs.org/ast-types/-/ast-types-0.13.4.tgz. Extracting by manifest.
698 silly tarball no local data for netmask@https://registry.npmjs.org/netmask/-/netmask-2.0.2.tgz. Extracting by manifest.
699 silly tarball no local data for data-uri-to-buffer@https://registry.npmjs.org/data-uri-to-buffer/-/data-uri-to-buffer-6.0.2.tgz. Extracting by manifest.
700 silly tarball no local data for basic-ftp@https://registry.npmjs.org/basic-ftp/-/basic-ftp-5.1.0.tgz. Extracting by manifest.
701 silly tarball no local data for pac-resolver@https://registry.npmjs.org/pac-resolver/-/pac-resolver-7.0.1.tgz. Extracting by manifest.
702 silly tarball no local data for get-uri@https://registry.npmjs.org/get-uri/-/get-uri-6.0.5.tgz. Extracting by manifest.
703 silly tarball no local data for degenerator@https://registry.npmjs.org/degenerator/-/degenerator-5.0.1.tgz. Extracting by manifest.
704 silly tarball no local data for @tootallnate/quickjs-emscripten@https://registry.npmjs.org/@tootallnate/quickjs-emscripten/-/quickjs-emscripten-0.23.0.tgz. Extracting by manifest.
705 silly tarball no local data for socks-proxy-agent@https://registry.npmjs.org/socks-proxy-agent/-/socks-proxy-agent-8.0.5.tgz. Extracting by manifest.
706 silly tarball no local data for pac-proxy-agent@https://registry.npmjs.org/pac-proxy-agent/-/pac-proxy-agent-7.2.0.tgz. Extracting by manifest.
707 silly tarball no local data for lru-cache@https://registry.npmjs.org/lru-cache/-/lru-cache-7.18.3.tgz. Extracting by manifest.
708 silly tarball no local data for https-proxy-agent@https://registry.npmjs.org/https-proxy-agent/-/https-proxy-agent-7.0.6.tgz. Extracting by manifest.
709 silly tarball no local data for http-proxy-agent@https://registry.npmjs.org/http-proxy-agent/-/http-proxy-agent-7.0.2.tgz. Extracting by manifest.
710 silly tarball no local data for agent-base@https://registry.npmjs.org/agent-base/-/agent-base-7.1.4.tgz. Extracting by manifest.
711 silly tarball no local data for is-arrayish@https://registry.npmjs.org/is-arrayish/-/is-arrayish-0.2.1.tgz. Extracting by manifest.
712 silly tarball no local data for js-tokens@https://registry.npmjs.org/js-tokens/-/js-tokens-4.0.0.tgz. Extracting by manifest.
713 silly tarball no local data for picocolors@https://registry.npmjs.org/picocolors/-/picocolors-1.1.1.tgz. Extracting by manifest.
714 silly tarball no local data for @babel/helper-validator-identifier@https://registry.npmjs.org/@babel/helper-validator-identifier/-/helper-validator-identifier-7.28.5.tgz. Extracting by manifest.
715 silly tarball no local data for lines-and-columns@https://registry.npmjs.org/lines-and-columns/-/lines-and-columns-1.2.4.tgz. Extracting by manifest.
716 silly tarball no local data for json-parse-even-better-errors@https://registry.npmjs.org/json-parse-even-better-errors/-/json-parse-even-better-errors-2.3.1.tgz. Extracting by manifest.
717 silly tarball no local data for @babel/code-frame@https://registry.npmjs.org/@babel/code-frame/-/code-frame-7.27.1.tgz. Extracting by manifest.
718 silly tarball no local data for callsites@https://registry.npmjs.org/callsites/-/callsites-3.1.0.tgz. Extracting by manifest.
719 silly tarball no local data for error-ex@https://registry.npmjs.org/error-ex/-/error-ex-1.3.4.tgz. Extracting by manifest.
720 silly tarball no local data for argparse@https://registry.npmjs.org/argparse/-/argparse-2.0.1.tgz. Extracting by manifest.
721 silly tarball no local data for resolve-from@https://registry.npmjs.org/resolve-from/-/resolve-from-4.0.0.tgz. Extracting by manifest.
722 silly tarball no local data for parent-module@https://registry.npmjs.org/parent-module/-/parent-module-1.0.1.tgz. Extracting by manifest.
723 silly tarball no local data for pump@https://registry.npmjs.org/pump/-/pump-3.0.3.tgz. Extracting by manifest.
724 silly tarball no local data for undici-types@https://registry.npmjs.org/undici-types/-/undici-types-7.16.0.tgz. Extracting by manifest.
725 silly tarball no local data for @types/node@https://registry.npmjs.org/@types/node/-/node-25.0.3.tgz. Extracting by manifest.
726 silly tarball no local data for yauzl@https://registry.npmjs.org/yauzl/-/yauzl-2.10.0.tgz. Extracting by manifest.
727 silly tarball no local data for get-stream@https://registry.npmjs.org/get-stream/-/get-stream-5.2.0.tgz. Extracting by manifest.
728 silly tarball no local data for @types/yauzl@https://registry.npmjs.org/@types/yauzl/-/yauzl-2.10.3.tgz. Extracting by manifest.
729 silly tarball no local data for ms@https://registry.npmjs.org/ms/-/ms-2.1.3.tgz. Extracting by manifest.
730 silly tarball no local data for import-fresh@https://registry.npmjs.org/import-fresh/-/import-fresh-3.3.1.tgz. Extracting by manifest.
731 silly tarball no local data for parse-json@https://registry.npmjs.org/parse-json/-/parse-json-5.2.0.tgz. Extracting by manifest.
732 silly tarball no local data for js-yaml@https://registry.npmjs.org/js-yaml/-/js-yaml-4.1.1.tgz. Extracting by manifest.
733 silly tarball no local data for env-paths@https://registry.npmjs.org/env-paths/-/env-paths-2.2.1.tgz. Extracting by manifest.
734 silly tarball no local data for zod@https://registry.npmjs.org/zod/-/zod-3.25.76.tgz. Extracting by manifest.
735 silly tarball no local data for mitt@https://registry.npmjs.org/mitt/-/mitt-3.0.1.tgz. Extracting by manifest.
736 silly tarball no local data for yargs@https://registry.npmjs.org/yargs/-/yargs-17.7.2.tgz. Extracting by manifest.
737 silly tarball no local data for tar-fs@https://registry.npmjs.org/tar-fs/-/tar-fs-3.1.1.tgz. Extracting by manifest.
738 silly tarball no local data for semver@https://registry.npmjs.org/semver/-/semver-7.7.3.tgz. Extracting by manifest.
739 silly tarball no local data for proxy-agent@https://registry.npmjs.org/proxy-agent/-/proxy-agent-6.5.0.tgz. Extracting by manifest.
740 silly tarball no local data for progress@https://registry.npmjs.org/progress/-/progress-2.0.3.tgz. Extracting by manifest.
741 silly tarball no local data for extract-zip@https://registry.npmjs.org/extract-zip/-/extract-zip-2.0.1.tgz. Extracting by manifest.
742 silly tarball no local data for debug@https://registry.npmjs.org/debug/-/debug-4.4.3.tgz. Extracting by manifest.
743 silly tarball no local data for typed-query-selector@https://registry.npmjs.org/typed-query-selector/-/typed-query-selector-2.12.0.tgz. Extracting by manifest.
744 silly tarball no local data for cosmiconfig@https://registry.npmjs.org/cosmiconfig/-/cosmiconfig-9.0.0.tgz. Extracting by manifest.
745 silly tarball no local data for puppeteer-core@https://registry.npmjs.org/puppeteer-core/-/puppeteer-core-24.34.0.tgz. Extracting by manifest.
746 silly tarball no local data for devtools-protocol@https://registry.npmjs.org/devtools-protocol/-/devtools-protocol-0.0.1534754.tgz. Extracting by manifest.
747 silly tarball no local data for chromium-bidi@https://registry.npmjs.org/chromium-bidi/-/chromium-bidi-12.0.1.tgz. Extracting by manifest.
748 silly tarball no local data for puppeteer@https://registry.npmjs.org/puppeteer/-/puppeteer-24.34.0.tgz. Extracting by manifest.
749 silly tarball no local data for bare-events@https://registry.npmjs.org/bare-events/-/bare-events-2.8.2.tgz. Extracting by manifest.
750 silly tarball no local data for @puppeteer/browsers@https://registry.npmjs.org/@puppeteer/browsers/-/browsers-2.11.0.tgz. Extracting by manifest.
751 http fetch GET 200 https://registry.npmjs.org/color-name/-/color-name-1.1.4.tgz 45ms (cache miss)
752 http fetch GET 200 https://registry.npmjs.org/ansi-styles/-/ansi-styles-4.3.0.tgz 46ms (cache miss)
753 http fetch GET 200 https://registry.npmjs.org/buffer-crc32/-/buffer-crc32-0.2.13.tgz 48ms (cache miss)
754 http fetch GET 200 https://registry.npmjs.org/fd-slicer/-/fd-slicer-1.1.0.tgz 51ms (cache miss)
755 http fetch GET 200 https://registry.npmjs.org/pend/-/pend-1.2.0.tgz 52ms (cache miss)
756 http fetch GET 200 https://registry.npmjs.org/color-convert/-/color-convert-2.0.1.tgz 61ms (cache miss)
757 http fetch GET 200 https://registry.npmjs.org/get-caller-file/-/get-caller-file-2.0.5.tgz 81ms (cache miss)
758 http fetch GET 200 https://registry.npmjs.org/b4a/-/b4a-1.7.3.tgz 90ms (cache miss)
759 http fetch GET 200 https://registry.npmjs.org/escalade/-/escalade-3.2.0.tgz 93ms (cache miss)
760 http fetch GET 200 https://registry.npmjs.org/y18n/-/y18n-5.0.8.tgz 93ms (cache miss)
761 http fetch GET 200 https://registry.npmjs.org/cliui/-/cliui-8.0.1.tgz 93ms (cache miss)
762 http fetch GET 200 https://registry.npmjs.org/text-decoder/-/text-decoder-1.2.3.tgz 98ms (cache miss)
763 http fetch GET 200 https://registry.npmjs.org/string-width/-/string-width-4.2.3.tgz 108ms (cache miss)
764 http fetch GET 200 https://registry.npmjs.org/events-universal/-/events-universal-1.0.1.tgz 109ms (cache miss)
765 http fetch GET 200 https://registry.npmjs.org/yargs-parser/-/yargs-parser-21.1.1.tgz 114ms (cache miss)
766 http fetch GET 200 https://registry.npmjs.org/emoji-regex/-/emoji-regex-8.0.0.tgz 117ms (cache miss)
767 http fetch GET 200 https://registry.npmjs.org/wrap-ansi/-/wrap-ansi-7.0.0.tgz 120ms (cache miss)
768 http fetch GET 200 https://registry.npmjs.org/is-fullwidth-code-point/-/is-fullwidth-code-point-3.0.0.tgz 123ms (cache miss)
769 http fetch GET 200 https://registry.npmjs.org/streamx/-/streamx-2.23.0.tgz 134ms (cache miss)
770 http fetch GET 200 https://registry.npmjs.org/bare-path/-/bare-path-3.0.0.tgz 134ms (cache miss)
771 http fetch GET 200 https://registry.npmjs.org/require-directory/-/require-directory-2.1.1.tgz 138ms (cache miss)
772 http fetch GET 200 https://registry.npmjs.org/tar-stream/-/tar-stream-3.1.7.tgz 137ms (cache miss)
773 http fetch GET 200 https://registry.npmjs.org/bare-stream/-/bare-stream-2.7.0.tgz 140ms (cache miss)
774 http fetch GET 200 https://registry.npmjs.org/strip-ansi/-/strip-ansi-6.0.1.tgz 142ms (cache miss)
775 http fetch GET 200 https://registry.npmjs.org/bare-os/-/bare-os-3.6.2.tgz 145ms (cache miss)
776 http fetch GET 200 https://registry.npmjs.org/ansi-regex/-/ansi-regex-5.0.1.tgz 149ms (cache miss)
777 http fetch GET 200 https://registry.npmjs.org/fast-fifo/-/fast-fifo-1.3.2.tgz 147ms (cache miss)
778 http fetch GET 200 https://registry.npmjs.org/wrappy/-/wrappy-1.0.2.tgz 168ms (cache miss)
779 http fetch GET 200 https://registry.npmjs.org/ip-address/-/ip-address-10.1.0.tgz 168ms (cache miss)
780 http fetch GET 200 https://registry.npmjs.org/webdriver-bidi-protocol/-/webdriver-bidi-protocol-0.3.10.tgz 172ms (cache miss)
781 http fetch GET 200 https://registry.npmjs.org/bare-url/-/bare-url-2.3.2.tgz 185ms (cache miss)
782 http fetch GET 200 https://registry.npmjs.org/ws/-/ws-8.19.0.tgz 189ms (cache miss)
783 http fetch GET 200 https://registry.npmjs.org/source-map/-/source-map-0.6.1.tgz 193ms (cache miss)
784 http fetch GET 200 https://registry.npmjs.org/once/-/once-1.4.0.tgz 196ms (cache miss)
785 http fetch GET 200 https://registry.npmjs.org/bare-fs/-/bare-fs-4.5.2.tgz 200ms (cache miss)
786 http fetch GET 200 https://registry.npmjs.org/smart-buffer/-/smart-buffer-4.2.0.tgz 201ms (cache miss)
787 http fetch GET 200 https://registry.npmjs.org/end-of-stream/-/end-of-stream-1.4.5.tgz 202ms (cache miss)
788 http fetch GET 200 https://registry.npmjs.org/estraverse/-/estraverse-5.3.0.tgz 203ms (cache miss)
789 http fetch GET 200 https://registry.npmjs.org/socks/-/socks-2.8.7.tgz 209ms (cache miss)
790 http fetch GET 200 https://registry.npmjs.org/netmask/-/netmask-2.0.2.tgz 219ms (cache miss)
791 http fetch GET 200 https://registry.npmjs.org/escodegen/-/escodegen-2.1.0.tgz 220ms (cache miss)
792 http fetch GET 200 https://registry.npmjs.org/tslib/-/tslib-2.8.1.tgz 221ms (cache miss)
793 http fetch GET 200 https://registry.npmjs.org/ast-types/-/ast-types-0.13.4.tgz 225ms (cache miss)
794 http fetch GET 200 https://registry.npmjs.org/esprima/-/esprima-4.0.1.tgz 231ms (cache miss)
795 http fetch GET 200 https://registry.npmjs.org/data-uri-to-buffer/-/data-uri-to-buffer-6.0.2.tgz 231ms (cache miss)
796 http fetch GET 200 https://registry.npmjs.org/esutils/-/esutils-2.0.3.tgz 236ms (cache miss)
797 http fetch GET 200 https://registry.npmjs.org/degenerator/-/degenerator-5.0.1.tgz 237ms (cache miss)
798 http fetch GET 200 https://registry.npmjs.org/get-uri/-/get-uri-6.0.5.tgz 254ms (cache miss)
799 http fetch GET 200 https://registry.npmjs.org/http-proxy-agent/-/http-proxy-agent-7.0.2.tgz 253ms (cache miss)
800 http fetch GET 200 https://registry.npmjs.org/lru-cache/-/lru-cache-7.18.3.tgz 254ms (cache miss)
801 http fetch GET 200 https://registry.npmjs.org/pac-proxy-agent/-/pac-proxy-agent-7.2.0.tgz 255ms (cache miss)
802 http fetch GET 200 https://registry.npmjs.org/basic-ftp/-/basic-ftp-5.1.0.tgz 256ms (cache miss)
803 http fetch GET 200 https://registry.npmjs.org/agent-base/-/agent-base-7.1.4.tgz 261ms (cache miss)
804 http fetch GET 200 https://registry.npmjs.org/pac-resolver/-/pac-resolver-7.0.1.tgz 263ms (cache miss)
805 http fetch GET 200 https://registry.npmjs.org/is-arrayish/-/is-arrayish-0.2.1.tgz 264ms (cache miss)
806 http fetch GET 200 https://registry.npmjs.org/socks-proxy-agent/-/socks-proxy-agent-8.0.5.tgz 267ms (cache miss)
807 http fetch GET 200 https://registry.npmjs.org/js-tokens/-/js-tokens-4.0.0.tgz 272ms (cache miss)
808 http fetch GET 200 https://registry.npmjs.org/picocolors/-/picocolors-1.1.1.tgz 272ms (cache miss)
809 http fetch GET 200 https://registry.npmjs.org/lines-and-columns/-/lines-and-columns-1.2.4.tgz 284ms (cache miss)
810 http fetch GET 200 https://registry.npmjs.org/https-proxy-agent/-/https-proxy-agent-7.0.6.tgz 285ms (cache miss)
811 http fetch GET 200 https://registry.npmjs.org/resolve-from/-/resolve-from-4.0.0.tgz 286ms (cache miss)
812 http fetch GET 200 https://registry.npmjs.org/json-parse-even-better-errors/-/json-parse-even-better-errors-2.3.1.tgz 290ms (cache miss)
813 http fetch GET 200 https://registry.npmjs.org/callsites/-/callsites-3.1.0.tgz 289ms (cache miss)
814 http fetch GET 200 https://registry.npmjs.org/error-ex/-/error-ex-1.3.4.tgz 293ms (cache miss)
815 http fetch GET 200 https://registry.npmjs.org/argparse/-/argparse-2.0.1.tgz 295ms (cache miss)
816 http fetch GET 200 https://registry.npmjs.org/@babel/code-frame/-/code-frame-7.27.1.tgz 304ms (cache miss)
817 http fetch GET 200 https://registry.npmjs.org/parent-module/-/parent-module-1.0.1.tgz 311ms (cache miss)
818 http fetch GET 200 https://registry.npmjs.org/get-stream/-/get-stream-5.2.0.tgz 319ms (cache miss)
819 http fetch GET 200 https://registry.npmjs.org/ms/-/ms-2.1.3.tgz 333ms (cache miss)
820 http fetch GET 200 https://registry.npmjs.org/pump/-/pump-3.0.3.tgz 334ms (cache miss)
821 http fetch GET 200 https://registry.npmjs.org/import-fresh/-/import-fresh-3.3.1.tgz 333ms (cache miss)
822 http fetch GET 200 https://registry.npmjs.org/yauzl/-/yauzl-2.10.0.tgz 333ms (cache miss)
823 http fetch GET 200 https://registry.npmjs.org/undici-types/-/undici-types-7.16.0.tgz 337ms (cache miss)
824 http fetch GET 200 https://registry.npmjs.org/parse-json/-/parse-json-5.2.0.tgz 338ms (cache miss)
825 http fetch GET 200 https://registry.npmjs.org/js-yaml/-/js-yaml-4.1.1.tgz 338ms (cache miss)
826 http fetch GET 200 https://registry.npmjs.org/mitt/-/mitt-3.0.1.tgz 346ms (cache miss)
827 http fetch GET 200 https://registry.npmjs.org/env-paths/-/env-paths-2.2.1.tgz 359ms (cache miss)
828 http fetch GET 200 https://registry.npmjs.org/progress/-/progress-2.0.3.tgz 359ms (cache miss)
829 http fetch GET 200 https://registry.npmjs.org/proxy-agent/-/proxy-agent-6.5.0.tgz 369ms (cache miss)
830 http fetch GET 200 https://registry.npmjs.org/tar-fs/-/tar-fs-3.1.1.tgz 370ms (cache miss)
831 http fetch GET 200 https://registry.npmjs.org/extract-zip/-/extract-zip-2.0.1.tgz 381ms (cache miss)
832 http fetch GET 200 https://registry.npmjs.org/cosmiconfig/-/cosmiconfig-9.0.0.tgz 396ms (cache miss)
833 http fetch GET 200 https://registry.npmjs.org/yargs/-/yargs-17.7.2.tgz 398ms (cache miss)
834 http fetch GET 200 https://registry.npmjs.org/debug/-/debug-4.4.3.tgz 399ms (cache miss)
835 http fetch GET 200 https://registry.npmjs.org/typed-query-selector/-/typed-query-selector-2.12.0.tgz 413ms (cache miss)
836 http fetch GET 200 https://registry.npmjs.org/semver/-/semver-7.7.3.tgz 417ms (cache miss)
837 http fetch GET 200 https://registry.npmjs.org/bare-events/-/bare-events-2.8.2.tgz 434ms (cache miss)
838 http fetch GET 200 https://registry.npmjs.org/puppeteer/-/puppeteer-24.34.0.tgz 442ms (cache miss)
839 http fetch GET 200 https://registry.npmjs.org/devtools-protocol/-/devtools-protocol-0.0.1534754.tgz 466ms (cache miss)
840 http fetch GET 200 https://registry.npmjs.org/zod/-/zod-3.25.76.tgz 469ms (cache miss)
841 http fetch GET 200 https://registry.npmjs.org/chromium-bidi/-/chromium-bidi-12.0.1.tgz 579ms (cache miss)
842 http fetch GET 200 https://registry.npmjs.org/@babel/helper-validator-identifier/-/helper-validator-identifier-7.28.5.tgz 593ms (cache miss)
843 http fetch POST 200 https://registry.npmjs.org/-/npm/v1/security/advisories/bulk 623ms
844 silly audit report {}
845 http fetch GET 200 https://registry.npmjs.org/@types/yauzl/-/yauzl-2.10.3.tgz 616ms (cache miss)
846 http fetch GET 200 https://registry.npmjs.org/@types/node/-/node-25.0.3.tgz 623ms (cache miss)
847 http fetch GET 200 https://registry.npmjs.org/@tootallnate/quickjs-emscripten/-/quickjs-emscripten-0.23.0.tgz 634ms (cache miss)
848 http fetch GET 200 https://registry.npmjs.org/puppeteer-core/-/puppeteer-core-24.34.0.tgz 701ms (cache miss)
849 http fetch GET 200 https://registry.npmjs.org/@puppeteer/browsers/-/browsers-2.11.0.tgz 738ms (cache miss)
850 info run puppeteer@24.34.0 postinstall node_modules/puppeteer node install.mjs
851 info run puppeteer@24.34.0 postinstall { code: 0, signal: null }
852 silly ADD node_modules/pend
853 silly ADD node_modules/fd-slicer
854 silly ADD node_modules/buffer-crc32
855 silly ADD node_modules/color-name
856 silly ADD node_modules/color-convert
857 silly ADD node_modules/ansi-styles
858 silly ADD node_modules/ansi-regex
859 silly ADD node_modules/is-fullwidth-code-point
860 silly ADD node_modules/emoji-regex
861 silly ADD node_modules/wrap-ansi
862 silly ADD node_modules/strip-ansi
863 silly ADD node_modules/yargs-parser
864 silly ADD node_modules/y18n
865 silly ADD node_modules/string-width
866 silly ADD node_modules/require-directory
867 silly ADD node_modules/get-caller-file
868 silly ADD node_modules/escalade
869 silly ADD node_modules/cliui
870 silly ADD node_modules/b4a
871 silly ADD node_modules/text-decoder
872 silly ADD node_modules/events-universal
873 silly ADD node_modules/streamx
874 silly ADD node_modules/bare-os
875 silly ADD node_modules/fast-fifo
876 silly ADD node_modules/bare-url
877 silly ADD node_modules/bare-stream
878 silly ADD node_modules/bare-events
879 silly ADD node_modules/tar-stream
880 silly ADD node_modules/bare-path
881 silly ADD node_modules/bare-fs
882 silly ADD node_modules/smart-buffer
883 silly ADD node_modules/ip-address
884 silly ADD node_modules/socks
885 silly ADD node_modules/ws
886 silly ADD node_modules/webdriver-bidi-protocol
887 silly ADD node_modules/wrappy
888 silly ADD node_modules/once
889 silly ADD node_modules/end-of-stream
890 silly ADD node_modules/source-map
891 silly ADD node_modules/esutils
892 silly ADD node_modules/estraverse
893 silly ADD node_modules/tslib
894 silly ADD node_modules/esprima
895 silly ADD node_modules/escodegen
896 silly ADD node_modules/ast-types
897 silly ADD node_modules/netmask
898 silly ADD node_modules/degenerator
899 silly ADD node_modules/data-uri-to-buffer
900 silly ADD node_modules/basic-ftp
901 silly ADD node_modules/pac-resolver
902 silly ADD node_modules/get-uri
903 silly ADD node_modules/@tootallnate/quickjs-emscripten
904 silly ADD node_modules/socks-proxy-agent
905 silly ADD node_modules/pac-proxy-agent
906 silly ADD node_modules/lru-cache
907 silly ADD node_modules/https-proxy-agent
908 silly ADD node_modules/http-proxy-agent
909 silly ADD node_modules/agent-base
910 silly ADD node_modules/is-arrayish
911 silly ADD node_modules/picocolors
912 silly ADD node_modules/js-tokens
913 silly ADD node_modules/@babel/helper-validator-identifier
914 silly ADD node_modules/lines-and-columns
915 silly ADD node_modules/json-parse-even-better-errors
916 silly ADD node_modules/error-ex
917 silly ADD node_modules/@babel/code-frame
918 silly ADD node_modules/callsites
919 silly ADD node_modules/argparse
920 silly ADD node_modules/resolve-from
921 silly ADD node_modules/parent-module
922 silly ADD node_modules/pump
923 silly ADD node_modules/undici-types
924 silly ADD node_modules/@types/node
925 silly ADD node_modules/yauzl
926 silly ADD node_modules/get-stream
927 silly ADD node_modules/@types/yauzl
928 silly ADD node_modules/ms
929 silly ADD node_modules/parse-json
930 silly ADD node_modules/js-yaml
931 silly ADD node_modules/import-fresh
932 silly ADD node_modules/env-paths
933 silly ADD node_modules/zod
934 silly ADD node_modules/mitt
935 silly ADD node_modules/yargs
936 silly ADD node_modules/tar-fs
937 silly ADD node_modules/semver
938 silly ADD node_modules/proxy-agent
939 silly ADD node_modules/progress
940 silly ADD node_modules/extract-zip
941 silly ADD node_modules/debug
942 silly ADD node_modules/typed-query-selector
943 silly ADD node_modules/puppeteer-core
944 silly ADD node_modules/cosmiconfig
945 silly ADD node_modules/devtools-protocol
946 silly ADD node_modules/chromium-bidi
947 silly ADD node_modules/@puppeteer/browsers
948 silly ADD node_modules/puppeteer
949 verbose cwd /Users/drensefa/coding/website
950 verbose os Darwin 24.3.0
951 verbose node v24.12.0
952 verbose npm  v11.6.2
953 verbose exit 0
954 info ok
